[2016.07.03-20.46.51:026][  0]Log file open, 07/03/16 22:46:51
[2016.07.03-20.46.51:026][  0]LogInit:Display: Running engine for game: MiniMap
[2016.07.03-20.46.51:026][  0]LogPlatformFile: Not using cached read wrapper
[2016.07.03-20.46.51:026][  0]LogInit:Display: RandInit(893375281) SRandInit(893375285).
[2016.07.03-20.46.51:026][  0]LogTaskGraph: Started task graph with 4 named threads and 7 total threads.
[2016.07.03-20.46.51:026][  0]LogStats: Stats thread started at 0.020641
[2016.07.03-20.46.51:026][  0]LogInit: Version: 4.10.0-0+++depot+UE4-Releases+4.10
[2016.07.03-20.46.51:026][  0]LogInit: API Version: 0
[2016.07.03-20.46.51:026][  0]LogInit: Compiled (64-bit): Jun 29 2016 22:01:28
[2016.07.03-20.46.51:026][  0]LogInit: Compiled with Clang: 3.7.0 (tags/RELEASE_370/final 246586)
[2016.07.03-20.46.51:026][  0]LogInit: Build Configuration: Development
[2016.07.03-20.46.51:026][  0]LogInit: Branch Name: ++depot+UE4-Releases+4.10
[2016.07.03-20.46.51:026][  0]LogInit: Command line: 
[2016.07.03-20.46.51:026][  0]LogInit: Base directory: /home/dporobic/Documents/UnrealEngine/Engine/Binaries/Linux/
[2016.07.03-20.46.51:026][  0]LogInit: Rocket: 0
[2016.07.03-20.46.51:031][  0]LogInit: Using libcurl 7.38.0
[2016.07.03-20.46.51:031][  0]LogInit:  - built for x86_64-unknown-linux-gnu
[2016.07.03-20.46.51:031][  0]LogInit:  - supports SSL with OpenSSL/1.0.1i
[2016.07.03-20.46.51:031][  0]LogInit:  - supports HTTP deflate (compression) using libz 1.2.5
[2016.07.03-20.46.51:031][  0]LogInit:  - other features:
[2016.07.03-20.46.51:031][  0]LogInit:      CURL_VERSION_SSL
[2016.07.03-20.46.51:031][  0]LogInit:      CURL_VERSION_LIBZ
[2016.07.03-20.46.51:031][  0]LogInit:      CURL_VERSION_IPV6
[2016.07.03-20.46.51:031][  0]LogInit:      CURL_VERSION_ASYNCHDNS
[2016.07.03-20.46.51:031][  0]LogInit:      CURL_VERSION_LARGEFILE
[2016.07.03-20.46.51:031][  0]LogInit:      CURL_VERSION_TLSAUTH_SRP
[2016.07.03-20.46.51:031][  0]LogInit:  Libcurl: checking if '/etc/pki/tls/certs/ca-bundle.crt' exists
[2016.07.03-20.46.51:031][  0]LogInit:  Libcurl: checking if '/etc/ssl/certs/ca-certificates.crt' exists
[2016.07.03-20.46.51:031][  0]LogInit:  Libcurl: checking if '/etc/ssl/ca-bundle.pem' exists
[2016.07.03-20.46.51:032][  0]LogInit:  CurlRequestOptions (configurable via config and command line):
[2016.07.03-20.46.51:032][  0]LogInit:  - bVerifyPeer = true  - Libcurl will verify peer certificate
[2016.07.03-20.46.51:032][  0]LogInit:  - bUseHttpProxy = false  - Libcurl will NOT use HTTP proxy
[2016.07.03-20.46.51:032][  0]LogInit:  - bDontReuseConnections = false  - Libcurl will reuse connections
[2016.07.03-20.46.51:032][  0]LogInit:  - CertBundlePath = /etc/ssl/ca-bundle.pem  - Libcurl will set CURLOPT_CAINFO to it
[2016.07.03-20.46.51:206][  0]LogInit: Presizing for 0 objects not considered by GC, pre-allocating 0 bytes.
[2016.07.03-20.46.51:213][  0]LogInit: Object subsystem initialized
[2016.07.03-20.46.51:214][  0]LogLinux: Selected Device Profile: [Linux]
[2016.07.03-20.46.51:214][  0]LogInit: Applying CVar settings loaded from the selected device profile: [Linux]
[2016.07.03-20.46.51:223][  0]LogInit: Linux hardware info:
[2016.07.03-20.46.51:223][  0]LogInit:  - this process' id (pid) is 15222, parent process' id (ppid) is 15170
[2016.07.03-20.46.51:223][  0]LogInit:  - we are not running under debugger
[2016.07.03-20.46.51:223][  0]LogInit:  - machine network name is 'linux'
[2016.07.03-20.46.51:223][  0]LogInit:  - we're logged in locally
[2016.07.03-20.46.51:223][  0]LogInit:  - Number of physical cores available for the process: 4
[2016.07.03-20.46.51:223][  0]LogInit:  - Number of logical cores available for the process: 4
[2016.07.03-20.46.51:223][  0]LogInit:  - Cache line size: 64
[2016.07.03-20.46.51:223][  0]LogInit:  - Memory allocator used: binned
[2016.07.03-20.46.51:223][  0]LogInit: Linux-specific commandline switches:
[2016.07.03-20.46.51:223][  0]LogInit:  -nodwarf (currently OFF): suppress parsing of DWARF debug info (callstacks will be generated faster, but won't have line numbers)
[2016.07.03-20.46.51:223][  0]LogInit:  -ansimalloc - use malloc()/free() from libc (useful for tools like valgrind and electric fence)
[2016.07.03-20.46.51:223][  0]LogInit:  -jemalloc - use jemalloc for all memory allocation
[2016.07.03-20.46.51:223][  0]LogInit:  -binnedmalloc - use binned malloc  for all memory allocation
[2016.07.03-20.46.51:223][  0]LogInit:  -httpproxy=ADDRESS:PORT - redirects HTTP requests to a proxy (only supported if compiled with libcurl)
[2016.07.03-20.46.51:223][  0]LogInit:  -reuseconn - allow libcurl to reuse HTTP connections (only matters if compiled with libcurl)
[2016.07.03-20.46.51:223][  0]LogInit:  -virtmemkb=NUMBER - sets process virtual memory (address space) limit (overrides VirtualMemoryLimitInKB value from .ini)
[2016.07.03-20.46.51:223][  0]LogInit: Setting LC_NUMERIC to en_US
[2016.07.03-20.46.51:223][  0]LogInit: Initializing SDL.
[2016.07.03-20.46.51:385][  0]LogInit: Initialized SDL 2.0.4 (compiled against 2.0.4)
[2016.07.03-20.46.51:385][  0]LogInit: Display metrics:
[2016.07.03-20.46.51:385][  0]LogInit:   PrimaryDisplayWidth: 1920
[2016.07.03-20.46.51:385][  0]LogInit:   PrimaryDisplayHeight: 1080
[2016.07.03-20.46.51:385][  0]LogInit:   PrimaryDisplayWorkAreaRect:
[2016.07.03-20.46.51:385][  0]LogInit:     Left=1920, Top=0, Right=3840, Bottom=1045
[2016.07.03-20.46.51:385][  0]LogInit:   VirtualDisplayRect:
[2016.07.03-20.46.51:385][  0]LogInit:     Left=0, Top=0, Right=3840, Bottom=1080
[2016.07.03-20.46.51:385][  0]LogInit:   TitleSafePaddingSize: X=0.000 Y=0.000
[2016.07.03-20.46.51:385][  0]LogInit:   ActionSafePaddingSize: X=0.000 Y=0.000
[2016.07.03-20.46.51:385][  0]LogInit:   Number of monitors: 2
[2016.07.03-20.46.51:385][  0]LogInit:     Monitor 0
[2016.07.03-20.46.51:385][  0]LogInit:       Name: ASUS VE278 27"
[2016.07.03-20.46.51:385][  0]LogInit:       ID: display0
[2016.07.03-20.46.51:385][  0]LogInit:       NativeWidth: 1920
[2016.07.03-20.46.51:385][  0]LogInit:       NativeHeight: 1080
[2016.07.03-20.46.51:385][  0]LogInit:       bIsPrimary: true
[2016.07.03-20.46.51:385][  0]LogInit:     Monitor 1
[2016.07.03-20.46.51:385][  0]LogInit:       Name: ASUS VE278 27"
[2016.07.03-20.46.51:385][  0]LogInit:       ID: display1
[2016.07.03-20.46.51:385][  0]LogInit:       NativeWidth: 1920
[2016.07.03-20.46.51:386][  0]LogInit:       NativeHeight: 1080
[2016.07.03-20.46.51:386][  0]LogInit:       bIsPrimary: false
[2016.07.03-20.46.51:386][  0]LogInit:  - Physical RAM available (not considering process quota): 16 GB (15993 MB, 16377200 KB, 16770252800 bytes)
[2016.07.03-20.46.51:389][  0]LogTextLocalizationManager: No specific translations for ('en-US') exist, so ('en') translations will be used.
[2016.07.03-20.46.51:912][  0]LogRHI: Initializing OpenGL RHI
[2016.07.03-20.46.51:912][  0]LogRHI:   GL_VENDOR: NVIDIA Corporation
[2016.07.03-20.46.51:912][  0]LogRHI:   GL_RENDERER: GeForce GTX 660/PCIe/SSE2
[2016.07.03-20.46.51:912][  0]LogRHI:   GL_VERSION: 3.2.0 NVIDIA 367.27
[2016.07.03-20.46.51:912][  0]LogRHI:   GL_SHADING_LANGUAGE_VERSION: 1.50 NVIDIA via Cg compiler
[2016.07.03-20.46.51:912][  0]LogRHI: OpenGL Extensions:
[2016.07.03-20.46.51:912][  0]LogRHI:   GL_AMD_multi_draw_indirect
[2016.07.03-20.46.51:912][  0]LogRHI:   GL_AMD_seamless_cubemap_per_texture
[2016.07.03-20.46.51:912][  0]LogRHI:   GL_ARB_arrays_of_arrays
[2016.07.03-20.46.51:912][  0]LogRHI:   GL_ARB_base_instance
[2016.07.03-20.46.51:912][  0]LogRHI:   GL_ARB_bindless_texture
[2016.07.03-20.46.51:912][  0]LogRHI:   GL_ARB_blend_func_extended
[2016.07.03-20.46.51:912][  0]LogRHI:   GL_ARB_buffer_storage
[2016.07.03-20.46.51:912][  0]LogRHI:   GL_ARB_clear_buffer_object
[2016.07.03-20.46.51:912][  0]LogRHI:   GL_ARB_clear_texture
[2016.07.03-20.46.51:912][  0]LogRHI:   GL_ARB_clip_control
[2016.07.03-20.46.51:912][  0]LogRHI:   GL_ARB_color_buffer_float
[2016.07.03-20.46.51:912][  0]LogRHI:   GL_ARB_compressed_texture_pixel_storage
[2016.07.03-20.46.51:912][  0]LogRHI:   GL_ARB_conservative_depth
[2016.07.03-20.46.51:912][  0]LogRHI:   GL_ARB_compute_shader
[2016.07.03-20.46.51:912][  0]LogRHI:   GL_ARB_compute_variable_group_size
[2016.07.03-20.46.51:912][  0]LogRHI:   GL_ARB_conditional_render_inverted
[2016.07.03-20.46.51:912][  0]LogRHI:   GL_ARB_copy_buffer
[2016.07.03-20.46.51:912][  0]LogRHI:   GL_ARB_copy_image
[2016.07.03-20.46.51:912][  0]LogRHI:   GL_ARB_cull_distance
[2016.07.03-20.46.51:912][  0]LogRHI:   GL_ARB_debug_output
[2016.07.03-20.46.51:912][  0]LogRHI:   GL_ARB_depth_buffer_float
[2016.07.03-20.46.51:912][  0]LogRHI:   GL_ARB_depth_clamp
[2016.07.03-20.46.51:912][  0]LogRHI:   GL_ARB_depth_texture
[2016.07.03-20.46.51:912][  0]LogRHI:   GL_ARB_derivative_control
[2016.07.03-20.46.51:912][  0]LogRHI:   GL_ARB_direct_state_access
[2016.07.03-20.46.51:912][  0]LogRHI:   GL_ARB_draw_buffers
[2016.07.03-20.46.51:912][  0]LogRHI:   GL_ARB_draw_buffers_blend
[2016.07.03-20.46.51:912][  0]LogRHI:   GL_ARB_draw_indirect
[2016.07.03-20.46.51:912][  0]LogRHI:   GL_ARB_draw_elements_base_vertex
[2016.07.03-20.46.51:913][  0]LogRHI:   GL_ARB_draw_instanced
[2016.07.03-20.46.51:913][  0]LogRHI:   GL_ARB_enhanced_layouts
[2016.07.03-20.46.51:913][  0]LogRHI:   GL_ARB_ES2_compatibility
[2016.07.03-20.46.51:913][  0]LogRHI:   GL_ARB_ES3_compatibility
[2016.07.03-20.46.51:913][  0]LogRHI:   GL_ARB_ES3_1_compatibility
[2016.07.03-20.46.51:913][  0]LogRHI:   GL_ARB_ES3_2_compatibility
[2016.07.03-20.46.51:913][  0]LogRHI:   GL_ARB_explicit_attrib_location
[2016.07.03-20.46.51:913][  0]LogRHI:   GL_ARB_explicit_uniform_location
[2016.07.03-20.46.51:913][  0]LogRHI:   GL_ARB_fragment_coord_conventions
[2016.07.03-20.46.51:913][  0]LogRHI:   GL_ARB_fragment_layer_viewport
[2016.07.03-20.46.51:913][  0]LogRHI:   GL_ARB_fragment_program
[2016.07.03-20.46.51:913][  0]LogRHI:   GL_ARB_fragment_program_shadow
[2016.07.03-20.46.51:913][  0]LogRHI:   GL_ARB_fragment_shader
[2016.07.03-20.46.51:913][  0]LogRHI:   GL_ARB_framebuffer_no_attachments
[2016.07.03-20.46.51:913][  0]LogRHI:   GL_ARB_framebuffer_object
[2016.07.03-20.46.51:913][  0]LogRHI:   GL_ARB_framebuffer_sRGB
[2016.07.03-20.46.51:913][  0]LogRHI:   GL_ARB_geometry_shader4
[2016.07.03-20.46.51:913][  0]LogRHI:   GL_ARB_get_program_binary
[2016.07.03-20.46.51:913][  0]LogRHI:   GL_ARB_get_texture_sub_image
[2016.07.03-20.46.51:913][  0]LogRHI:   GL_ARB_gpu_shader5
[2016.07.03-20.46.51:913][  0]LogRHI:   GL_ARB_gpu_shader_fp64
[2016.07.03-20.46.51:913][  0]LogRHI:   GL_ARB_gpu_shader_int64
[2016.07.03-20.46.51:913][  0]LogRHI:   GL_ARB_half_float_pixel
[2016.07.03-20.46.51:913][  0]LogRHI:   GL_ARB_half_float_vertex
[2016.07.03-20.46.51:913][  0]LogRHI:   GL_ARB_imaging
[2016.07.03-20.46.51:913][  0]LogRHI:   GL_ARB_indirect_parameters
[2016.07.03-20.46.51:913][  0]LogRHI:   GL_ARB_instanced_arrays
[2016.07.03-20.46.51:913][  0]LogRHI:   GL_ARB_internalformat_query
[2016.07.03-20.46.51:913][  0]LogRHI:   GL_ARB_internalformat_query2
[2016.07.03-20.46.51:913][  0]LogRHI:   GL_ARB_invalidate_subdata
[2016.07.03-20.46.51:913][  0]LogRHI:   GL_ARB_map_buffer_alignment
[2016.07.03-20.46.51:913][  0]LogRHI:   GL_ARB_map_buffer_range
[2016.07.03-20.46.51:913][  0]LogRHI:   GL_ARB_multi_bind
[2016.07.03-20.46.51:913][  0]LogRHI:   GL_ARB_multi_draw_indirect
[2016.07.03-20.46.51:913][  0]LogRHI:   GL_ARB_multisample
[2016.07.03-20.46.51:913][  0]LogRHI:   GL_ARB_multitexture
[2016.07.03-20.46.51:913][  0]LogRHI:   GL_ARB_occlusion_query
[2016.07.03-20.46.51:913][  0]LogRHI:   GL_ARB_occlusion_query2
[2016.07.03-20.46.51:913][  0]LogRHI:   GL_ARB_parallel_shader_compile
[2016.07.03-20.46.51:913][  0]LogRHI:   GL_ARB_pipeline_statistics_query
[2016.07.03-20.46.51:913][  0]LogRHI:   GL_ARB_pixel_buffer_object
[2016.07.03-20.46.51:913][  0]LogRHI:   GL_ARB_point_parameters
[2016.07.03-20.46.51:913][  0]LogRHI:   GL_ARB_point_sprite
[2016.07.03-20.46.51:913][  0]LogRHI:   GL_ARB_program_interface_query
[2016.07.03-20.46.51:913][  0]LogRHI:   GL_ARB_provoking_vertex
[2016.07.03-20.46.51:913][  0]LogRHI:   GL_ARB_query_buffer_object
[2016.07.03-20.46.51:913][  0]LogRHI:   GL_ARB_robust_buffer_access_behavior
[2016.07.03-20.46.51:913][  0]LogRHI:   GL_ARB_robustness
[2016.07.03-20.46.51:913][  0]LogRHI:   GL_ARB_sample_shading
[2016.07.03-20.46.51:913][  0]LogRHI:   GL_ARB_sampler_objects
[2016.07.03-20.46.51:913][  0]LogRHI:   GL_ARB_seamless_cube_map
[2016.07.03-20.46.51:913][  0]LogRHI:   GL_ARB_seamless_cubemap_per_texture
[2016.07.03-20.46.51:913][  0]LogRHI:   GL_ARB_separate_shader_objects
[2016.07.03-20.46.51:913][  0]LogRHI:   GL_ARB_shader_atomic_counter_ops
[2016.07.03-20.46.51:913][  0]LogRHI:   GL_ARB_shader_atomic_counters
[2016.07.03-20.46.51:913][  0]LogRHI:   GL_ARB_shader_ballot
[2016.07.03-20.46.51:913][  0]LogRHI:   GL_ARB_shader_bit_encoding
[2016.07.03-20.46.51:913][  0]LogRHI:   GL_ARB_shader_clock
[2016.07.03-20.46.51:913][  0]LogRHI:   GL_ARB_shader_draw_parameters
[2016.07.03-20.46.51:913][  0]LogRHI:   GL_ARB_shader_group_vote
[2016.07.03-20.46.51:913][  0]LogRHI:   GL_ARB_shader_image_load_store
[2016.07.03-20.46.51:913][  0]LogRHI:   GL_ARB_shader_image_size
[2016.07.03-20.46.51:913][  0]LogRHI:   GL_ARB_shader_objects
[2016.07.03-20.46.51:913][  0]LogRHI:   GL_ARB_shader_precision
[2016.07.03-20.46.51:913][  0]LogRHI:   GL_ARB_shader_storage_buffer_object
[2016.07.03-20.46.51:913][  0]LogRHI:   GL_ARB_shader_subroutine
[2016.07.03-20.46.51:913][  0]LogRHI:   GL_ARB_shader_texture_image_samples
[2016.07.03-20.46.51:913][  0]LogRHI:   GL_ARB_shader_texture_lod
[2016.07.03-20.46.51:913][  0]LogRHI:   GL_ARB_shading_language_100
[2016.07.03-20.46.51:913][  0]LogRHI:   GL_ARB_shading_language_420pack
[2016.07.03-20.46.51:913][  0]LogRHI:   GL_ARB_shading_language_include
[2016.07.03-20.46.51:913][  0]LogRHI:   GL_ARB_shading_language_packing
[2016.07.03-20.46.51:913][  0]LogRHI:   GL_ARB_shadow
[2016.07.03-20.46.51:913][  0]LogRHI:   GL_ARB_sparse_buffer
[2016.07.03-20.46.51:913][  0]LogRHI:   GL_ARB_sparse_texture
[2016.07.03-20.46.51:913][  0]LogRHI:   GL_ARB_stencil_texturing
[2016.07.03-20.46.51:913][  0]LogRHI:   GL_ARB_sync
[2016.07.03-20.46.51:913][  0]LogRHI:   GL_ARB_tessellation_shader
[2016.07.03-20.46.51:913][  0]LogRHI:   GL_ARB_texture_barrier
[2016.07.03-20.46.51:913][  0]LogRHI:   GL_ARB_texture_border_clamp
[2016.07.03-20.46.51:913][  0]LogRHI:   GL_ARB_texture_buffer_object
[2016.07.03-20.46.51:913][  0]LogRHI:   GL_ARB_texture_buffer_object_rgb32
[2016.07.03-20.46.51:913][  0]LogRHI:   GL_ARB_texture_buffer_range
[2016.07.03-20.46.51:913][  0]LogRHI:   GL_ARB_texture_compression
[2016.07.03-20.46.51:913][  0]LogRHI:   GL_ARB_texture_compression_bptc
[2016.07.03-20.46.51:913][  0]LogRHI:   GL_ARB_texture_compression_rgtc
[2016.07.03-20.46.51:913][  0]LogRHI:   GL_ARB_texture_cube_map
[2016.07.03-20.46.51:913][  0]LogRHI:   GL_ARB_texture_cube_map_array
[2016.07.03-20.46.51:913][  0]LogRHI:   GL_ARB_texture_env_add
[2016.07.03-20.46.51:913][  0]LogRHI:   GL_ARB_texture_env_combine
[2016.07.03-20.46.51:913][  0]LogRHI:   GL_ARB_texture_env_crossbar
[2016.07.03-20.46.51:913][  0]LogRHI:   GL_ARB_texture_env_dot3
[2016.07.03-20.46.51:913][  0]LogRHI:   GL_ARB_texture_float
[2016.07.03-20.46.51:913][  0]LogRHI:   GL_ARB_texture_gather
[2016.07.03-20.46.51:913][  0]LogRHI:   GL_ARB_texture_mirror_clamp_to_edge
[2016.07.03-20.46.51:913][  0]LogRHI:   GL_ARB_texture_mirrored_repeat
[2016.07.03-20.46.51:913][  0]LogRHI:   GL_ARB_texture_multisample
[2016.07.03-20.46.51:913][  0]LogRHI:   GL_ARB_texture_non_power_of_two
[2016.07.03-20.46.51:913][  0]LogRHI:   GL_ARB_texture_query_levels
[2016.07.03-20.46.51:913][  0]LogRHI:   GL_ARB_texture_query_lod
[2016.07.03-20.46.51:913][  0]LogRHI:   GL_ARB_texture_rectangle
[2016.07.03-20.46.51:913][  0]LogRHI:   GL_ARB_texture_rg
[2016.07.03-20.46.51:913][  0]LogRHI:   GL_ARB_texture_rgb10_a2ui
[2016.07.03-20.46.51:913][  0]LogRHI:   GL_ARB_texture_stencil8
[2016.07.03-20.46.51:913][  0]LogRHI:   GL_ARB_texture_storage
[2016.07.03-20.46.51:913][  0]LogRHI:   GL_ARB_texture_storage_multisample
[2016.07.03-20.46.51:913][  0]LogRHI:   GL_ARB_texture_swizzle
[2016.07.03-20.46.51:913][  0]LogRHI:   GL_ARB_texture_view
[2016.07.03-20.46.51:913][  0]LogRHI:   GL_ARB_timer_query
[2016.07.03-20.46.51:914][  0]LogRHI:   GL_ARB_transform_feedback2
[2016.07.03-20.46.51:914][  0]LogRHI:   GL_ARB_transform_feedback3
[2016.07.03-20.46.51:914][  0]LogRHI:   GL_ARB_transform_feedback_instanced
[2016.07.03-20.46.51:914][  0]LogRHI:   GL_ARB_transform_feedback_overflow_query
[2016.07.03-20.46.51:914][  0]LogRHI:   GL_ARB_transpose_matrix
[2016.07.03-20.46.51:914][  0]LogRHI:   GL_ARB_uniform_buffer_object
[2016.07.03-20.46.51:914][  0]LogRHI:   GL_ARB_vertex_array_bgra
[2016.07.03-20.46.51:914][  0]LogRHI:   GL_ARB_vertex_array_object
[2016.07.03-20.46.51:914][  0]LogRHI:   GL_ARB_vertex_attrib_64bit
[2016.07.03-20.46.51:914][  0]LogRHI:   GL_ARB_vertex_attrib_binding
[2016.07.03-20.46.51:914][  0]LogRHI:   GL_ARB_vertex_buffer_object
[2016.07.03-20.46.51:914][  0]LogRHI:   GL_ARB_vertex_program
[2016.07.03-20.46.51:914][  0]LogRHI:   GL_ARB_vertex_shader
[2016.07.03-20.46.51:914][  0]LogRHI:   GL_ARB_vertex_type_10f_11f_11f_rev
[2016.07.03-20.46.51:914][  0]LogRHI:   GL_ARB_vertex_type_2_10_10_10_rev
[2016.07.03-20.46.51:914][  0]LogRHI:   GL_ARB_viewport_array
[2016.07.03-20.46.51:914][  0]LogRHI:   GL_ARB_window_pos
[2016.07.03-20.46.51:914][  0]LogRHI:   GL_ATI_draw_buffers
[2016.07.03-20.46.51:914][  0]LogRHI:   GL_ATI_texture_float
[2016.07.03-20.46.51:914][  0]LogRHI:   GL_ATI_texture_mirror_once
[2016.07.03-20.46.51:914][  0]LogRHI:   GL_S3_s3tc
[2016.07.03-20.46.51:914][  0]LogRHI:   GL_EXT_texture_env_add
[2016.07.03-20.46.51:914][  0]LogRHI:   GL_EXT_abgr
[2016.07.03-20.46.51:914][  0]LogRHI:   GL_EXT_bgra
[2016.07.03-20.46.51:914][  0]LogRHI:   GL_EXT_bindable_uniform
[2016.07.03-20.46.51:914][  0]LogRHI:   GL_EXT_blend_color
[2016.07.03-20.46.51:914][  0]LogRHI:   GL_EXT_blend_equation_separate
[2016.07.03-20.46.51:914][  0]LogRHI:   GL_EXT_blend_func_separate
[2016.07.03-20.46.51:914][  0]LogRHI:   GL_EXT_blend_minmax
[2016.07.03-20.46.51:914][  0]LogRHI:   GL_EXT_blend_subtract
[2016.07.03-20.46.51:914][  0]LogRHI:   GL_EXT_compiled_vertex_array
[2016.07.03-20.46.51:914][  0]LogRHI:   GL_EXT_Cg_shader
[2016.07.03-20.46.51:914][  0]LogRHI:   GL_EXT_depth_bounds_test
[2016.07.03-20.46.51:914][  0]LogRHI:   GL_EXT_direct_state_access
[2016.07.03-20.46.51:914][  0]LogRHI:   GL_EXT_draw_buffers2
[2016.07.03-20.46.51:914][  0]LogRHI:   GL_EXT_draw_instanced
[2016.07.03-20.46.51:914][  0]LogRHI:   GL_EXT_draw_range_elements
[2016.07.03-20.46.51:914][  0]LogRHI:   GL_EXT_fog_coord
[2016.07.03-20.46.51:914][  0]LogRHI:   GL_EXT_framebuffer_blit
[2016.07.03-20.46.51:914][  0]LogRHI:   GL_EXT_framebuffer_multisample
[2016.07.03-20.46.51:914][  0]LogRHI:   GL_EXTX_framebuffer_mixed_formats
[2016.07.03-20.46.51:914][  0]LogRHI:   GL_EXT_framebuffer_multisample_blit_scaled
[2016.07.03-20.46.51:914][  0]LogRHI:   GL_EXT_framebuffer_object
[2016.07.03-20.46.51:914][  0]LogRHI:   GL_EXT_framebuffer_sRGB
[2016.07.03-20.46.51:914][  0]LogRHI:   GL_EXT_geometry_shader4
[2016.07.03-20.46.51:914][  0]LogRHI:   GL_EXT_gpu_program_parameters
[2016.07.03-20.46.51:914][  0]LogRHI:   GL_EXT_gpu_shader4
[2016.07.03-20.46.51:914][  0]LogRHI:   GL_EXT_multi_draw_arrays
[2016.07.03-20.46.51:914][  0]LogRHI:   GL_EXT_packed_depth_stencil
[2016.07.03-20.46.51:914][  0]LogRHI:   GL_EXT_packed_float
[2016.07.03-20.46.51:914][  0]LogRHI:   GL_EXT_packed_pixels
[2016.07.03-20.46.51:914][  0]LogRHI:   GL_EXT_pixel_buffer_object
[2016.07.03-20.46.51:914][  0]LogRHI:   GL_EXT_point_parameters
[2016.07.03-20.46.51:914][  0]LogRHI:   GL_EXT_polygon_offset_clamp
[2016.07.03-20.46.51:914][  0]LogRHI:   GL_EXT_provoking_vertex
[2016.07.03-20.46.51:914][  0]LogRHI:   GL_EXT_rescale_normal
[2016.07.03-20.46.51:914][  0]LogRHI:   GL_EXT_secondary_color
[2016.07.03-20.46.51:914][  0]LogRHI:   GL_EXT_separate_shader_objects
[2016.07.03-20.46.51:914][  0]LogRHI:   GL_EXT_separate_specular_color
[2016.07.03-20.46.51:914][  0]LogRHI:   GL_EXT_shader_image_load_store
[2016.07.03-20.46.51:914][  0]LogRHI:   GL_EXT_shader_integer_mix
[2016.07.03-20.46.51:914][  0]LogRHI:   GL_EXT_shadow_funcs
[2016.07.03-20.46.51:914][  0]LogRHI:   GL_EXT_stencil_two_side
[2016.07.03-20.46.51:914][  0]LogRHI:   GL_EXT_stencil_wrap
[2016.07.03-20.46.51:914][  0]LogRHI:   GL_EXT_texture3D
[2016.07.03-20.46.51:914][  0]LogRHI:   GL_EXT_texture_array
[2016.07.03-20.46.51:914][  0]LogRHI:   GL_EXT_texture_buffer_object
[2016.07.03-20.46.51:914][  0]LogRHI:   GL_EXT_texture_compression_dxt1
[2016.07.03-20.46.51:914][  0]LogRHI:   GL_EXT_texture_compression_latc
[2016.07.03-20.46.51:914][  0]LogRHI:   GL_EXT_texture_compression_rgtc
[2016.07.03-20.46.51:914][  0]LogRHI:   GL_EXT_texture_compression_s3tc
[2016.07.03-20.46.51:914][  0]LogRHI:   GL_EXT_texture_cube_map
[2016.07.03-20.46.51:914][  0]LogRHI:   GL_EXT_texture_edge_clamp
[2016.07.03-20.46.51:914][  0]LogRHI:   GL_EXT_texture_env_combine
[2016.07.03-20.46.51:914][  0]LogRHI:   GL_EXT_texture_env_dot3
[2016.07.03-20.46.51:914][  0]LogRHI:   GL_EXT_texture_filter_anisotropic
[2016.07.03-20.46.51:914][  0]LogRHI:   GL_EXT_texture_integer
[2016.07.03-20.46.51:914][  0]LogRHI:   GL_EXT_texture_lod
[2016.07.03-20.46.51:914][  0]LogRHI:   GL_EXT_texture_lod_bias
[2016.07.03-20.46.51:914][  0]LogRHI:   GL_EXT_texture_mirror_clamp
[2016.07.03-20.46.51:914][  0]LogRHI:   GL_EXT_texture_object
[2016.07.03-20.46.51:914][  0]LogRHI:   GL_EXT_texture_shared_exponent
[2016.07.03-20.46.51:914][  0]LogRHI:   GL_EXT_texture_sRGB
[2016.07.03-20.46.51:914][  0]LogRHI:   GL_EXT_texture_sRGB_decode
[2016.07.03-20.46.51:914][  0]LogRHI:   GL_EXT_texture_storage
[2016.07.03-20.46.51:914][  0]LogRHI:   GL_EXT_texture_swizzle
[2016.07.03-20.46.51:914][  0]LogRHI:   GL_EXT_timer_query
[2016.07.03-20.46.51:914][  0]LogRHI:   GL_EXT_transform_feedback2
[2016.07.03-20.46.51:914][  0]LogRHI:   GL_EXT_vertex_array
[2016.07.03-20.46.51:914][  0]LogRHI:   GL_EXT_vertex_array_bgra
[2016.07.03-20.46.51:915][  0]LogRHI:   GL_EXT_vertex_attrib_64bit
[2016.07.03-20.46.51:915][  0]LogRHI:   GL_EXT_x11_sync_object
[2016.07.03-20.46.51:915][  0]LogRHI:   GL_EXT_import_sync_object
[2016.07.03-20.46.51:915][  0]LogRHI:   GL_NV_robustness_video_memory_purge
[2016.07.03-20.46.51:915][  0]LogRHI:   GL_IBM_rasterpos_clip
[2016.07.03-20.46.51:915][  0]LogRHI:   GL_IBM_texture_mirrored_repeat
[2016.07.03-20.46.51:915][  0]LogRHI:   GL_KHR_context_flush_control
[2016.07.03-20.46.51:915][  0]LogRHI:   GL_KHR_debug
[2016.07.03-20.46.51:915][  0]LogRHI:   GL_KHR_no_error
[2016.07.03-20.46.51:915][  0]LogRHI:   GL_KHR_robust_buffer_access_behavior
[2016.07.03-20.46.51:915][  0]LogRHI:   GL_KHR_robustness
[2016.07.03-20.46.51:915][  0]LogRHI:   GL_KTX_buffer_region
[2016.07.03-20.46.51:915][  0]LogRHI:   GL_NV_bindless_multi_draw_indirect
[2016.07.03-20.46.51:915][  0]LogRHI:   GL_NV_bindless_multi_draw_indirect_count
[2016.07.03-20.46.51:915][  0]LogRHI:   GL_NV_bindless_texture
[2016.07.03-20.46.51:915][  0]LogRHI:   GL_NV_blend_equation_advanced
[2016.07.03-20.46.51:915][  0]LogRHI:   GL_NV_blend_square
[2016.07.03-20.46.51:915][  0]LogRHI:   GL_NV_command_list
[2016.07.03-20.46.51:915][  0]LogRHI:   GL_NV_compute_program5
[2016.07.03-20.46.51:915][  0]LogRHI:   GL_NV_conditional_render
[2016.07.03-20.46.51:915][  0]LogRHI:   GL_NV_copy_depth_to_color
[2016.07.03-20.46.51:915][  0]LogRHI:   GL_NV_copy_image
[2016.07.03-20.46.51:915][  0]LogRHI:   GL_NV_depth_buffer_float
[2016.07.03-20.46.51:915][  0]LogRHI:   GL_NV_depth_clamp
[2016.07.03-20.46.51:915][  0]LogRHI:   GL_NV_draw_texture
[2016.07.03-20.46.51:915][  0]LogRHI:   GL_NV_draw_vulkan_image
[2016.07.03-20.46.51:915][  0]LogRHI:   GL_NV_ES1_1_compatibility
[2016.07.03-20.46.51:915][  0]LogRHI:   GL_NV_ES3_1_compatibility
[2016.07.03-20.46.51:915][  0]LogRHI:   GL_NV_explicit_multisample
[2016.07.03-20.46.51:915][  0]LogRHI:   GL_NV_fence
[2016.07.03-20.46.51:915][  0]LogRHI:   GL_NV_float_buffer
[2016.07.03-20.46.51:915][  0]LogRHI:   GL_NV_fog_distance
[2016.07.03-20.46.51:915][  0]LogRHI:   GL_NV_fragment_program
[2016.07.03-20.46.51:915][  0]LogRHI:   GL_NV_fragment_program_option
[2016.07.03-20.46.51:915][  0]LogRHI:   GL_NV_fragment_program2
[2016.07.03-20.46.51:915][  0]LogRHI:   GL_NV_framebuffer_multisample_coverage
[2016.07.03-20.46.51:915][  0]LogRHI:   GL_NV_geometry_shader4
[2016.07.03-20.46.51:915][  0]LogRHI:   GL_NV_gpu_program4
[2016.07.03-20.46.51:915][  0]LogRHI:   GL_NV_internalformat_sample_query
[2016.07.03-20.46.51:915][  0]LogRHI:   GL_NV_gpu_program4_1
[2016.07.03-20.46.51:915][  0]LogRHI:   GL_NV_gpu_program5
[2016.07.03-20.46.51:915][  0]LogRHI:   GL_NV_gpu_program5_mem_extended
[2016.07.03-20.46.51:915][  0]LogRHI:   GL_NV_gpu_program_fp64
[2016.07.03-20.46.51:915][  0]LogRHI:   GL_NV_gpu_shader5
[2016.07.03-20.46.51:915][  0]LogRHI:   GL_NV_half_float
[2016.07.03-20.46.51:915][  0]LogRHI:   GL_NV_light_max_exponent
[2016.07.03-20.46.51:915][  0]LogRHI:   GL_NV_multisample_coverage
[2016.07.03-20.46.51:915][  0]LogRHI:   GL_NV_multisample_filter_hint
[2016.07.03-20.46.51:915][  0]LogRHI:   GL_NV_occlusion_query
[2016.07.03-20.46.51:915][  0]LogRHI:   GL_NV_packed_depth_stencil
[2016.07.03-20.46.51:915][  0]LogRHI:   GL_NV_parameter_buffer_object
[2016.07.03-20.46.51:915][  0]LogRHI:   GL_NV_parameter_buffer_object2
[2016.07.03-20.46.51:915][  0]LogRHI:   GL_NV_path_rendering
[2016.07.03-20.46.51:915][  0]LogRHI:   GL_NV_pixel_data_range
[2016.07.03-20.46.51:915][  0]LogRHI:   GL_NV_point_sprite
[2016.07.03-20.46.51:915][  0]LogRHI:   GL_NV_primitive_restart
[2016.07.03-20.46.51:915][  0]LogRHI:   GL_NV_register_combiners
[2016.07.03-20.46.51:915][  0]LogRHI:   GL_NV_register_combiners2
[2016.07.03-20.46.51:915][  0]LogRHI:   GL_NV_shader_atomic_counters
[2016.07.03-20.46.51:915][  0]LogRHI:   GL_NV_shader_atomic_float
[2016.07.03-20.46.51:915][  0]LogRHI:   GL_NV_shader_buffer_load
[2016.07.03-20.46.51:915][  0]LogRHI:   GL_NV_shader_storage_buffer_object
[2016.07.03-20.46.51:915][  0]LogRHI:   GL_NV_texgen_reflection
[2016.07.03-20.46.51:915][  0]LogRHI:   GL_NV_texture_barrier
[2016.07.03-20.46.51:915][  0]LogRHI:   GL_NV_texture_compression_vtc
[2016.07.03-20.46.51:915][  0]LogRHI:   GL_NV_texture_env_combine4
[2016.07.03-20.46.51:915][  0]LogRHI:   GL_NV_texture_multisample
[2016.07.03-20.46.51:915][  0]LogRHI:   GL_NV_texture_rectangle
[2016.07.03-20.46.51:915][  0]LogRHI:   GL_NV_texture_shader
[2016.07.03-20.46.51:915][  0]LogRHI:   GL_NV_texture_shader2
[2016.07.03-20.46.51:915][  0]LogRHI:   GL_NV_texture_shader3
[2016.07.03-20.46.51:915][  0]LogRHI:   GL_NV_transform_feedback
[2016.07.03-20.46.51:915][  0]LogRHI:   GL_NV_transform_feedback2
[2016.07.03-20.46.51:915][  0]LogRHI:   GL_NV_uniform_buffer_unified_memory
[2016.07.03-20.46.51:915][  0]LogRHI:   GL_NV_vdpau_interop
[2016.07.03-20.46.51:915][  0]LogRHI:   GL_NV_vertex_array_range
[2016.07.03-20.46.51:915][  0]LogRHI:   GL_NV_vertex_array_range2
[2016.07.03-20.46.51:915][  0]LogRHI:   GL_NV_vertex_attrib_integer_64bit
[2016.07.03-20.46.51:915][  0]LogRHI:   GL_NV_vertex_buffer_unified_memory
[2016.07.03-20.46.51:915][  0]LogRHI:   GL_NV_vertex_program
[2016.07.03-20.46.51:915][  0]LogRHI:   GL_NV_vertex_program1_1
[2016.07.03-20.46.51:915][  0]LogRHI:   GL_NV_vertex_program2
[2016.07.03-20.46.51:915][  0]LogRHI:   GL_NV_vertex_program2_option
[2016.07.03-20.46.51:915][  0]LogRHI:   GL_NV_vertex_program3
[2016.07.03-20.46.51:915][  0]LogRHI:   GL_NVX_conditional_render
[2016.07.03-20.46.51:915][  0]LogRHI:   GL_NVX_gpu_memory_info
[2016.07.03-20.46.51:915][  0]LogRHI:   GL_NVX_nvenc_interop
[2016.07.03-20.46.51:915][  0]LogRHI:   GL_NV_shader_thread_group
[2016.07.03-20.46.51:915][  0]LogRHI:   GL_NV_shader_thread_shuffle
[2016.07.03-20.46.51:915][  0]LogRHI:   GL_KHR_blend_equation_advanced
[2016.07.03-20.46.51:915][  0]LogRHI:   GL_SGIS_generate_mipmap
[2016.07.03-20.46.51:915][  0]LogRHI:   GL_SGIS_texture_lod
[2016.07.03-20.46.51:915][  0]LogRHI:   GL_SGIX_depth_texture
[2016.07.03-20.46.51:915][  0]LogRHI:   GL_SGIX_shadow
[2016.07.03-20.46.51:915][  0]LogRHI:   GL_SUN_slice_accum
[2016.07.03-20.46.51:917][  0]LogRHI:   GL_MAX_TEXTURE_SIZE: 16384
[2016.07.03-20.46.51:917][  0]LogRHI:   GL_MAX_CUBE_MAP_TEXTURE_SIZE: 16384
[2016.07.03-20.46.51:917][  0]LogRHI:   GL_MAX_ARRAY_TEXTURE_LAYERS: 2048
[2016.07.03-20.46.51:917][  0]LogRHI:   GL_MAX_3D_TEXTURE_SIZE: 2048
[2016.07.03-20.46.51:917][  0]LogRHI:   GL_MAX_RENDERBUFFER_SIZE: 16384
[2016.07.03-20.46.51:917][  0]LogRHI:   GL_MAX_TEXTURE_IMAGE_UNITS: 32
[2016.07.03-20.46.51:917][  0]LogRHI:   GL_MAX_DRAW_BUFFERS: 8
[2016.07.03-20.46.51:917][  0]LogRHI:   GL_MAX_COLOR_ATTACHMENTS: 8
[2016.07.03-20.46.51:917][  0]LogRHI:   GL_MAX_SAMPLES: 32
[2016.07.03-20.46.51:917][  0]LogRHI:   GL_MAX_COLOR_TEXTURE_SAMPLES: 32
[2016.07.03-20.46.51:917][  0]LogRHI:   GL_MAX_DEPTH_TEXTURE_SAMPLES: 32
[2016.07.03-20.46.51:917][  0]LogRHI:   GL_MAX_INTEGER_SAMPLES: 32
[2016.07.03-20.46.51:917][  0]LogRHI:   GL_MAX_COMBINED_TEXTURE_IMAGE_UNITS: 192
[2016.07.03-20.46.51:917][  0]LogRHI:   GL_MAX_VERTEX_ATTRIBS: 16
[2016.07.03-20.46.51:917][  0]LogRHI:   GL_MAX_TEXTURE_MAX_ANISOTROPY_EXT: 16
[2016.07.03-20.46.51:917][  0]LogRHI: OpenGL MajorVersion = 3, MinorVersion = 2, ShaderPlatform = GLSL_150, FeatureLevel = SM4
[2016.07.03-20.46.51:920][  0]LogRHI: Texture pool is 1433 MB (70% of 2048 MB)
[2016.07.03-20.46.51:957][  0]LogShaderCompilers: Guid format shader working directory is 14 characters bigger than the processId version (../../../../Unreal Projects/MiniMap/Intermediate/Shaders/WorkingDirectory/15222/).
[2016.07.03-20.46.51:957][  0]LogShaderCompilers: Cleaned the shader compiler working directory '../../../../Unreal Projects/MiniMap/Intermediate/Shaders/tmp/000488E233071603002E03BD356841C3/'.
[2016.07.03-20.46.51:957][  0]LogShaderCompilers:Display: Using Local Shader Compiler.
[2016.07.03-20.46.52:984][  0]LogHAL: FLinuxPlatformProcess::CreateProc: '/usr/bin/mono "/home/dporobic/Documents/UnrealEngine/Engine/Binaries/DotNET/UnrealBuildTool.exe" -validateplatform -allplatforms'
[2016.07.03-20.46.52:987][  0]LogHAL: FLinuxPlatformProcess::CreateProc: spawned child 15240
[2016.07.03-20.46.53:572][  0]LogHAL: Child 15240 is no more running (zombie), Wait()ing immediately.
[2016.07.03-20.46.53:572][  0]LogTemp:Display: Loaded TP AllDesktopTargetPlatform
[2016.07.03-20.46.53:780][  0]LogTemp:Display: Failed to get target platform HTML5TargetPlatform
[2016.07.03-20.46.53:995][  0]LogTemp:Display: Loaded TP LinuxTargetPlatform
[2016.07.03-20.46.54:219][  0]LogTemp:Display: Loaded TP LinuxNoEditorTargetPlatform
[2016.07.03-20.46.54:445][  0]LogTemp:Display: Loaded TP LinuxServerTargetPlatform
[2016.07.03-20.46.54:445][  0]LogTargetPlatformManager:Display: Building Assets For Linux
[2016.07.03-20.46.54:891][  0]LogDerivedDataCache:Display: Max Cache Size: 512 MB
[2016.07.03-20.46.54:932][  0]LogDerivedDataCache: Loaded boot cache 0.04s 78MB ../../../../Unreal Projects/MiniMap/DerivedDataCache/Boot.ddc.
[2016.07.03-20.46.54:932][  0]LogDerivedDataCache:Display: Loaded Boot cache: ../../../../Unreal Projects/MiniMap/DerivedDataCache/Boot.ddc
[2016.07.03-20.46.54:932][  0]LogDerivedDataCache: FDerivedDataBackendGraph:  Pak pak cache file ../../../../Unreal Projects/MiniMap/DerivedDataCache/DDC.ddp not found, will not use a pak cache.
[2016.07.03-20.46.54:932][  0]LogDerivedDataCache: Unable to find inner node Pak for hierarchical cache Hierarchy.
[2016.07.03-20.46.54:932][  0]LogDerivedDataCache: FDerivedDataBackendGraph:  EnginePak pak cache file ../../../Engine/DerivedDataCache/DDC.ddp not found, will not use a pak cache.
[2016.07.03-20.46.54:932][  0]LogDerivedDataCache: Unable to find inner node EnginePak for hierarchical cache Hierarchy.
[2016.07.03-20.46.54:932][  0]LogDerivedDataCache: Using Local data cache path ../../../Engine/DerivedDataCache: Writable
[2016.07.03-20.46.54:933][  0]LogDerivedDataCache: Shared data cache path not found in *engine.ini, will not use an Shared cache.
[2016.07.03-20.46.54:933][  0]LogDerivedDataCache: Unable to find inner node Shared for hierarchical cache Hierarchy.
[2016.07.03-20.46.55:069][  0]LogLinux: Selected Device Profile: [Linux]
[2016.07.03-20.46.55:070][  0]LogContentStreaming: Texture pool size is 0.000000MB
[2016.07.03-20.46.55:074][  0]LogHAL: Linux SourceCodeAccessSettings: KDevelopSourceCodeAccessor
[2016.07.03-20.46.55:408][  0]LogMeshUtilities: No automatic mesh reduction module available
[2016.07.03-20.46.55:408][  0]LogMeshUtilities: No automatic mesh merging module available
[2016.07.03-20.46.58:227][  0]LogStats: UGameplayTagsManager::ConstructGameplayTagTree: Construct from data asset -  0.000 s
[2016.07.03-20.46.58:227][  0]LogStats: UGameplayTagsManager::ConstructGameplayTagTree: GameplayTagTreeChangedEvent.Broadcast -  0.000 s
[2016.07.03-20.47.00:050][  0]UdpMessaging: Initializing bridge on interface 0.0.0.0:0 to multicast group 230.0.0.1:6666.
[2016.07.03-20.47.00:309][  0]LogAssetRegistry: FAssetRegistry took 0.0003 seconds to start up
[2016.07.03-20.47.02:735][  0]LogDesktopPlatform: DesktopPlatformLinux is not using LinuxNativeDialogs.
[2016.07.03-20.47.03:108][  0]SourceControl: Info Source control is disabled
[2016.07.03-20.47.03:109][  0]LogHAL: FLinuxPlatformProcess::CreateProc: '/usr/bin/git version'
[2016.07.03-20.47.03:115][  0]LogHAL: FLinuxPlatformProcess::CreateProc: spawned child 15263
[2016.07.03-20.47.03:123][  0]LogHAL: Child 15263 is no more running (zombie), Wait()ing immediately.
[2016.07.03-20.47.03:624][  0]SourceControl: Info Source control is disabled
[2016.07.03-20.47.04:043][  0]SourceControl: Info Source control is disabled
[2016.07.03-20.47.04:254][  0]SourceControl: Info Source control is disabled
[2016.07.03-20.47.06:352][  0]LogObj: 30300 objects as part of root set at end of initial load.
[2016.07.03-20.47.06:352][  0]LogUObjectAllocator: 6136904 out of 0 bytes used by permanent object pool.
[2016.07.03-20.47.06:856][  0]LogEngine: Initializing Engine...
[2016.07.03-20.47.07:652][  0]LogAIModule: Creating AISystem for world NewWorld
[2016.07.03-20.47.07:658][  0]LogALAudio: ALAudio device opened : OpenAL Soft
[2016.07.03-20.47.07:659][  0]LogALAudio: AL_VENDOR      : OpenAL Community
[2016.07.03-20.47.07:659][  0]LogALAudio: AL_RENDERER    : OpenAL Soft
[2016.07.03-20.47.07:659][  0]LogALAudio: AL_VERSION     : 1.1 ALSOFT 1.15.1
[2016.07.03-20.47.07:659][  0]LogALAudio: AL_EXTENSIONS  : AL_EXT_ALAW AL_EXT_DOUBLE AL_EXT_EXPONENT_DISTANCE AL_EXT_FLOAT32 AL_EXT_IMA4 AL_EXT_LINEAR_DISTANCE AL_EXT_MCFORMATS AL_EXT_MULAW AL_EXT_MULAW_MCFORMATS AL_EXT_OFFSET AL_EXT_source_distance_model AL_LOKI_quadriphonic AL_SOFT_buffer_samples AL_SOFT_buffer_sub_data AL_SOFTX_deferred_updates AL_SOFT_direct_channels AL_SOFT_loop_points AL_SOFT_source_latency
[2016.07.03-20.47.07:660][  0]LogInit: FAudioDevice initialized.
[2016.07.03-20.47.07:701][  0]LogDerivedDataCache: Saved boot cache 0.04s 78MB ../../../../Unreal Projects/MiniMap/DerivedDataCache/Boot.ddc.
[2016.07.03-20.47.07:710][  0]LogInit: Texture streaming: Enabled
[2016.07.03-20.47.08:048][  0]LogInit: Transaction tracking system initialized
[2016.07.03-20.47.09:816][  0]BlueprintLog: New page: Editor Load
[2016.07.03-20.47.13:921][  0]LocalizationService: Info Localization service is disabled
[2016.07.03-20.47.15:880][  0]LogConsoleResponse:Display: 
[2016.07.03-20.47.16:209][  0]LogFileCache: Scanning file cache for directory '/home/dporobic/Documents/Unreal Projects/MiniMap/Content/' took 0.00s
[2016.07.03-20.47.16:209][  0]LogCook:Display: Done creating registry. It took  0.00s.
[2016.07.03-20.47.18:451][  0]SourceControl: Info Source control is disabled
[2016.07.03-20.47.18:451][  0]Cmd: MAP LOAD FILE="../../../../Unreal Projects/MiniMap/Content/ThirdPersonBP/Maps/ThirdPersonExampleMap.umap" TEMPLATE=0 SHOWPROGRESS=1 FEATURELEVEL=2
[2016.07.03-20.47.18:451][  0]LightingResults: New page: Lighting Build
[2016.07.03-20.47.18:679][  0]MapCheck: New page: Map Check
[2016.07.03-20.47.18:679][  0]LightingResults: New page: Lighting Build
[2016.07.03-20.47.18:693][  0]LogParticles: Destroying 0 GPU particle simulations for FXSystem 0x0x13b9cd00
[2016.07.03-20.47.19:281][  0]LogAIModule: Creating AISystem for world ThirdPersonExampleMap
[2016.07.03-20.47.19:289][  0]LogEditorServer: Finished looking for orphan Actors (0.000 secs)
[2016.07.03-20.47.19:290][  0]Cmd: MAP CHECKDEP NOCLEARLOG
[2016.07.03-20.47.19:307][  0]MapCheck: Info Map check complete: 0 Error(s), 0 Warning(s), took 16.984ms to complete.
[2016.07.03-20.47.19:307][  0]LogFileHelpers: Loading map 'ThirdPersonExampleMap' took 0.856
[2016.07.03-20.47.19:729][  0]LogCollectionManager: Loaded 0 collections in 0.000696 seconds
[2016.07.03-20.47.19:740][  0]LogFileCache: Scanning file cache for directory '/home/dporobic/Documents/Unreal Projects/MiniMap/Saved/Collections/' took 0.00s
[2016.07.03-20.47.19:740][  0]LogFileCache: Scanning file cache for directory '/home/dporobic/Documents/Unreal Projects/MiniMap/Content/Developers/GenericUser/Collections/' took 0.00s
[2016.07.03-20.47.19:740][  0]LogFileCache: Scanning file cache for directory '/home/dporobic/Documents/Unreal Projects/MiniMap/Content/Collections/' took 0.00s
[2016.07.03-20.47.19:740][  0]LogContentBrowser: Native class hierarchy populated in 0.0087 seconds. Added 1961 classes and 338 folders.
[2016.07.03-20.47.19:742][  0]LogCollectionManager: Rebuilt the GUID cache for 0 collections in 0.000001 seconds
[2016.07.03-20.47.20:160][  0]LogContentBrowser: Native class hierarchy updated for 'WidgetCarousel' in 0.0004 seconds. Added 0 classes and 0 folders.
[2016.07.03-20.47.20:409][  0]LogContentBrowser: Native class hierarchy updated for 'AddContentDialog' in 0.0003 seconds. Added 0 classes and 0 folders.
[2016.07.03-20.47.20:590][  0]LogContentBrowser: Native class hierarchy updated for 'SceneOutliner' in 0.0004 seconds. Added 1 classes and 0 folders.
[2016.07.03-20.47.20:853][  0]LogCrashTracker: Crashtracker disabled due to settings.
[2016.07.03-20.47.20:873][  0]LogUObjectGlobals:Warning: Failed to find object 'Class None.'
[2016.07.03-20.47.20:917][  0]LogLoad: Full Startup: 31.63 seconds (BP compile: 0.20 seconds)
[2016.07.03-20.47.21:396][  0]LogRenderer: Reallocating scene render targets to support 1204x564 (Frame:2).
[2016.07.03-20.47.21:532][  0]LogContentStreaming: Texture pool size now 700 MB
[2016.07.03-20.47.21:768][  3]LogAssetRegistry: Asset discovery search completed in 21.4595 seconds
[2016.07.03-20.47.21:768][  3]LogCollectionManager: Rebuilt the object cache for 0 collections in 0.000000 seconds (found 0 objects)
[2016.07.03-20.47.21:768][  3]LogCollectionManager: Fixed up redirectors for 0 collections in 0.000066 seconds (updated 0 objects)
[2016.07.03-20.47.25:380][154]LogBlueprintUserMessages: Early PlayInEditor Detection: Level '/Game/ThirdPersonBP/Maps/ThirdPersonExampleMap.ThirdPersonExampleMap:PersistentLevel' has LevelScriptBlueprint '/Game/ThirdPersonBP/Maps/ThirdPersonExampleMap.ThirdPersonExampleMap:PersistentLevel.ThirdPersonExampleMap' with GeneratedClass '/Game/ThirdPersonBP/Maps/ThirdPersonExampleMap.ThirdPersonExampleMap_C' with ClassGeneratedBy '/Game/ThirdPersonBP/Maps/ThirdPersonExampleMap.ThirdPersonExampleMap:PersistentLevel.ThirdPersonExampleMap'
[2016.07.03-20.47.25:381][154]LogPlayLevel: PlayLevel: No blueprints needed recompiling
[2016.07.03-20.47.25:381][154]PIE: New page: PIE session: ThirdPersonExampleMap (Jul 4, 2016, 12:47:25 AM)
[2016.07.03-20.47.25:381][154]LogPlayLevel: Creating play world package: /Game/ThirdPersonBP/Maps/UEDPIE_0_ThirdPersonExampleMap
[2016.07.03-20.47.25:403][154]LogPlayLevel: PIE: StaticDuplicateObject took: (0.022227s)
[2016.07.03-20.47.25:404][154]LogAIModule: Creating AISystem for world ThirdPersonExampleMap
[2016.07.03-20.47.25:404][154]LogPlayLevel: PIE: World Init took: (0.000529s)
[2016.07.03-20.47.25:404][154]LogPlayLevel: PIE: Created PIE world by copying editor world from /Game/ThirdPersonBP/Maps/ThirdPersonExampleMap.ThirdPersonExampleMap to /Game/ThirdPersonBP/Maps/UEDPIE_0_ThirdPersonExampleMap.ThirdPersonExampleMap (0.022982s)
[2016.07.03-20.47.25:404][154]LogActorComp