[2016.07.03-20.35.42:114][  0]Log file open, 07/03/16 22:35:42
[2016.07.03-20.35.42:114][  0]LogInit:Display: Running engine for game: MiniMap1
[2016.07.03-20.35.42:114][  0]LogPlatformFile: Not using cached read wrapper
[2016.07.03-20.35.42:114][  0]LogInit:Display: RandInit(224485998) SRandInit(224486002).
[2016.07.03-20.35.42:115][  0]LogTaskGraph: Started task graph with 4 named threads and 7 total threads.
[2016.07.03-20.35.42:115][  0]LogStats: Stats thread started at 0.019613
[2016.07.03-20.35.42:115][  0]LogInit: Version: 4.10.0-0+++depot+UE4-Releases+4.10
[2016.07.03-20.35.42:115][  0]LogInit: API Version: 0
[2016.07.03-20.35.42:115][  0]LogInit: Compiled (64-bit): Jun 29 2016 22:01:28
[2016.07.03-20.35.42:115][  0]LogInit: Compiled with Clang: 3.7.0 (tags/RELEASE_370/final 246586)
[2016.07.03-20.35.42:115][  0]LogInit: Build Configuration: Development
[2016.07.03-20.35.42:115][  0]LogInit: Branch Name: ++depot+UE4-Releases+4.10
[2016.07.03-20.35.42:115][  0]LogInit: Command line: 
[2016.07.03-20.35.42:115][  0]LogInit: Base directory: /home/dporobic/Documents/UnrealEngine/Engine/Binaries/Linux/
[2016.07.03-20.35.42:115][  0]LogInit: Rocket: 0
[2016.07.03-20.35.42:119][  0]LogInit: Using libcurl 7.38.0
[2016.07.03-20.35.42:120][  0]LogInit:  - built for x86_64-unknown-linux-gnu
[2016.07.03-20.35.42:120][  0]LogInit:  - supports SSL with OpenSSL/1.0.1i
[2016.07.03-20.35.42:120][  0]LogInit:  - supports HTTP deflate (compression) using libz 1.2.5
[2016.07.03-20.35.42:120][  0]LogInit:  - other features:
[2016.07.03-20.35.42:120][  0]LogInit:      CURL_VERSION_SSL
[2016.07.03-20.35.42:120][  0]LogInit:      CURL_VERSION_LIBZ
[2016.07.03-20.35.42:120][  0]LogInit:      CURL_VERSION_IPV6
[2016.07.03-20.35.42:120][  0]LogInit:      CURL_VERSION_ASYNCHDNS
[2016.07.03-20.35.42:120][  0]LogInit:      CURL_VERSION_LARGEFILE
[2016.07.03-20.35.42:120][  0]LogInit:      CURL_VERSION_TLSAUTH_SRP
[2016.07.03-20.35.42:120][  0]LogInit:  Libcurl: checking if '/etc/pki/tls/certs/ca-bundle.crt' exists
[2016.07.03-20.35.42:120][  0]LogInit:  Libcurl: checking if '/etc/ssl/certs/ca-certificates.crt' exists
[2016.07.03-20.35.42:120][  0]LogInit:  Libcurl: checking if '/etc/ssl/ca-bundle.pem' exists
[2016.07.03-20.35.42:120][  0]LogInit:  CurlRequestOptions (configurable via config and command line):
[2016.07.03-20.35.42:120][  0]LogInit:  - bVerifyPeer = true  - Libcurl will verify peer certificate
[2016.07.03-20.35.42:120][  0]LogInit:  - bUseHttpProxy = false  - Libcurl will NOT use HTTP proxy
[2016.07.03-20.35.42:120][  0]LogInit:  - bDontReuseConnections = false  - Libcurl will reuse connections
[2016.07.03-20.35.42:120][  0]LogInit:  - CertBundlePath = /etc/ssl/ca-bundle.pem  - Libcurl will set CURLOPT_CAINFO to it
[2016.07.03-20.35.42:296][  0]LogInit: Presizing for 0 objects not considered by GC, pre-allocating 0 bytes.
[2016.07.03-20.35.42:303][  0]LogInit: Object subsystem initialized
[2016.07.03-20.35.42:304][  0]LogLinux: Selected Device Profile: [Linux]
[2016.07.03-20.35.42:304][  0]LogInit: Applying CVar settings loaded from the selected device profile: [Linux]
[2016.07.03-20.35.42:313][  0]LogInit: Linux hardware info:
[2016.07.03-20.35.42:313][  0]LogInit:  - this process' id (pid) is 14601, parent process' id (ppid) is 14507
[2016.07.03-20.35.42:313][  0]LogInit:  - we are not running under debugger
[2016.07.03-20.35.42:313][  0]LogInit:  - machine network name is 'linux'
[2016.07.03-20.35.42:313][  0]LogInit:  - we're logged in locally
[2016.07.03-20.35.42:313][  0]LogInit:  - Number of physical cores available for the process: 4
[2016.07.03-20.35.42:313][  0]LogInit:  - Number of logical cores available for the process: 4
[2016.07.03-20.35.42:313][  0]LogInit:  - Cache line size: 64
[2016.07.03-20.35.42:313][  0]LogInit:  - Memory allocator used: binned
[2016.07.03-20.35.42:313][  0]LogInit: Linux-specific commandline switches:
[2016.07.03-20.35.42:313][  0]LogInit:  -nodwarf (currently OFF): suppress parsing of DWARF debug info (callstacks will be generated faster, but won't have line numbers)
[2016.07.03-20.35.42:313][  0]LogInit:  -ansimalloc - use malloc()/free() from libc (useful for tools like valgrind and electric fence)
[2016.07.03-20.35.42:313][  0]LogInit:  -jemalloc - use jemalloc for all memory allocation
[2016.07.03-20.35.42:313][  0]LogInit:  -binnedmalloc - use binned malloc  for all memory allocation
[2016.07.03-20.35.42:313][  0]LogInit:  -httpproxy=ADDRESS:PORT - redirects HTTP requests to a proxy (only supported if compiled with libcurl)
[2016.07.03-20.35.42:313][  0]LogInit:  -reuseconn - allow libcurl to reuse HTTP connections (only matters if compiled with libcurl)
[2016.07.03-20.35.42:313][  0]LogInit:  -virtmemkb=NUMBER - sets process virtual memory (address space) limit (overrides VirtualMemoryLimitInKB value from .ini)
[2016.07.03-20.35.42:313][  0]LogInit: Setting LC_NUMERIC to en_US
[2016.07.03-20.35.42:313][  0]LogInit: Initializing SDL.
[2016.07.03-20.35.42:470][  0]LogInit: Initialized SDL 2.0.4 (compiled against 2.0.4)
[2016.07.03-20.35.42:470][  0]LogInit: Display metrics:
[2016.07.03-20.35.42:470][  0]LogInit:   PrimaryDisplayWidth: 1920
[2016.07.03-20.35.42:470][  0]LogInit:   PrimaryDisplayHeight: 1080
[2016.07.03-20.35.42:470][  0]LogInit:   PrimaryDisplayWorkAreaRect:
[2016.07.03-20.35.42:470][  0]LogInit:     Left=1920, Top=0, Right=3840, Bottom=1045
[2016.07.03-20.35.42:470][  0]LogInit:   VirtualDisplayRect:
[2016.07.03-20.35.42:470][  0]LogInit:     Left=0, Top=0, Right=3840, Bottom=1080
[2016.07.03-20.35.42:470][  0]LogInit:   TitleSafePaddingSize: X=0.000 Y=0.000
[2016.07.03-20.35.42:470][  0]LogInit:   ActionSafePaddingSize: X=0.000 Y=0.000
[2016.07.03-20.35.42:470][  0]LogInit:   Number of monitors: 2
[2016.07.03-20.35.42:470][  0]LogInit:     Monitor 0
[2016.07.03-20.35.42:470][  0]LogInit:       Name: ASUS VE278 27"
[2016.07.03-20.35.42:470][  0]LogInit:       ID: display0
[2016.07.03-20.35.42:470][  0]LogInit:       NativeWidth: 1920
[2016.07.03-20.35.42:470][  0]LogInit:       NativeHeight: 1080
[2016.07.03-20.35.42:470][  0]LogInit:       bIsPrimary: true
[2016.07.03-20.35.42:470][  0]LogInit:     Monitor 1
[2016.07.03-20.35.42:470][  0]LogInit:       Name: ASUS VE278 27"
[2016.07.03-20.35.42:470][  0]LogInit:       ID: display1
[2016.07.03-20.35.42:470][  0]LogInit:       NativeWidth: 1920
[2016.07.03-20.35.42:470][  0]LogInit:       NativeHeight: 1080
[2016.07.03-20.35.42:470][  0]LogInit:       bIsPrimary: false
[2016.07.03-20.35.42:470][  0]LogInit:  - Physical RAM available (not considering process quota): 16 GB (15993 MB, 16377200 KB, 16770252800 bytes)
[2016.07.03-20.35.42:474][  0]LogTextLocalizationManager: No specific translations for ('en-US') exist, so ('en') translations will be used.
[2016.07.03-20.35.43:043][  0]LogRHI: Initializing OpenGL RHI
[2016.07.03-20.35.43:043][  0]LogRHI:   GL_VENDOR: NVIDIA Corporation
[2016.07.03-20.35.43:043][  0]LogRHI:   GL_RENDERER: GeForce GTX 660/PCIe/SSE2
[2016.07.03-20.35.43:043][  0]LogRHI:   GL_VERSION: 3.2.0 NVIDIA 367.27
[2016.07.03-20.35.43:043][  0]LogRHI:   GL_SHADING_LANGUAGE_VERSION: 1.50 NVIDIA via Cg compiler
[2016.07.03-20.35.43:043][  0]LogRHI: OpenGL Extensions:
[2016.07.03-20.35.43:043][  0]LogRHI:   GL_AMD_multi_draw_indirect
[2016.07.03-20.35.43:043][  0]LogRHI:   GL_AMD_seamless_cubemap_per_texture
[2016.07.03-20.35.43:043][  0]LogRHI:   GL_ARB_arrays_of_arrays
[2016.07.03-20.35.43:043][  0]LogRHI:   GL_ARB_base_instance
[2016.07.03-20.35.43:043][  0]LogRHI:   GL_ARB_bindless_texture
[2016.07.03-20.35.43:043][  0]LogRHI:   GL_ARB_blend_func_extended
[2016.07.03-20.35.43:043][  0]LogRHI:   GL_ARB_buffer_storage
[2016.07.03-20.35.43:043][  0]LogRHI:   GL_ARB_clear_buffer_object
[2016.07.03-20.35.43:043][  0]LogRHI:   GL_ARB_clear_texture
[2016.07.03-20.35.43:043][  0]LogRHI:   GL_ARB_clip_control
[2016.07.03-20.35.43:043][  0]LogRHI:   GL_ARB_color_buffer_float
[2016.07.03-20.35.43:043][  0]LogRHI:   GL_ARB_compressed_texture_pixel_storage
[2016.07.03-20.35.43:043][  0]LogRHI:   GL_ARB_conservative_depth
[2016.07.03-20.35.43:043][  0]LogRHI:   GL_ARB_compute_shader
[2016.07.03-20.35.43:043][  0]LogRHI:   GL_ARB_compute_variable_group_size
[2016.07.03-20.35.43:043][  0]LogRHI:   GL_ARB_conditional_render_inverted
[2016.07.03-20.35.43:043][  0]LogRHI:   GL_ARB_copy_buffer
[2016.07.03-20.35.43:043][  0]LogRHI:   GL_ARB_copy_image
[2016.07.03-20.35.43:043][  0]LogRHI:   GL_ARB_cull_distance
[2016.07.03-20.35.43:043][  0]LogRHI:   GL_ARB_debug_output
[2016.07.03-20.35.43:043][  0]LogRHI:   GL_ARB_depth_buffer_float
[2016.07.03-20.35.43:043][  0]LogRHI:   GL_ARB_depth_clamp
[2016.07.03-20.35.43:043][  0]LogRHI:   GL_ARB_depth_texture
[2016.07.03-20.35.43:044][  0]LogRHI:   GL_ARB_derivative_control
[2016.07.03-20.35.43:044][  0]LogRHI:   GL_ARB_direct_state_access
[2016.07.03-20.35.43:044][  0]LogRHI:   GL_ARB_draw_buffers
[2016.07.03-20.35.43:044][  0]LogRHI:   GL_ARB_draw_buffers_blend
[2016.07.03-20.35.43:044][  0]LogRHI:   GL_ARB_draw_indirect
[2016.07.03-20.35.43:044][  0]LogRHI:   GL_ARB_draw_elements_base_vertex
[2016.07.03-20.35.43:044][  0]LogRHI:   GL_ARB_draw_instanced
[2016.07.03-20.35.43:044][  0]LogRHI:   GL_ARB_enhanced_layouts
[2016.07.03-20.35.43:044][  0]LogRHI:   GL_ARB_ES2_compatibility
[2016.07.03-20.35.43:044][  0]LogRHI:   GL_ARB_ES3_compatibility
[2016.07.03-20.35.43:044][  0]LogRHI:   GL_ARB_ES3_1_compatibility
[2016.07.03-20.35.43:044][  0]LogRHI:   GL_ARB_ES3_2_compatibility
[2016.07.03-20.35.43:044][  0]LogRHI:   GL_ARB_explicit_attrib_location
[2016.07.03-20.35.43:044][  0]LogRHI:   GL_ARB_explicit_uniform_location
[2016.07.03-20.35.43:044][  0]LogRHI:   GL_ARB_fragment_coord_conventions
[2016.07.03-20.35.43:044][  0]LogRHI:   GL_ARB_fragment_layer_viewport
[2016.07.03-20.35.43:044][  0]LogRHI:   GL_ARB_fragment_program
[2016.07.03-20.35.43:044][  0]LogRHI:   GL_ARB_fragment_program_shadow
[2016.07.03-20.35.43:044][  0]LogRHI:   GL_ARB_fragment_shader
[2016.07.03-20.35.43:044][  0]LogRHI:   GL_ARB_framebuffer_no_attachments
[2016.07.03-20.35.43:044][  0]LogRHI:   GL_ARB_framebuffer_object
[2016.07.03-20.35.43:044][  0]LogRHI:   GL_ARB_framebuffer_sRGB
[2016.07.03-20.35.43:044][  0]LogRHI:   GL_ARB_geometry_shader4
[2016.07.03-20.35.43:044][  0]LogRHI:   GL_ARB_get_program_binary
[2016.07.03-20.35.43:044][  0]LogRHI:   GL_ARB_get_texture_sub_image
[2016.07.03-20.35.43:044][  0]LogRHI:   GL_ARB_gpu_shader5
[2016.07.03-20.35.43:044][  0]LogRHI:   GL_ARB_gpu_shader_fp64
[2016.07.03-20.35.43:044][  0]LogRHI:   GL_ARB_gpu_shader_int64
[2016.07.03-20.35.43:044][  0]LogRHI:   GL_ARB_half_float_pixel
[2016.07.03-20.35.43:044][  0]LogRHI:   GL_ARB_half_float_vertex
[2016.07.03-20.35.43:044][  0]LogRHI:   GL_ARB_imaging
[2016.07.03-20.35.43:044][  0]LogRHI:   GL_ARB_indirect_parameters
[2016.07.03-20.35.43:044][  0]LogRHI:   GL_ARB_instanced_arrays
[2016.07.03-20.35.43:044][  0]LogRHI:   GL_ARB_internalformat_query
[2016.07.03-20.35.43:044][  0]LogRHI:   GL_ARB_internalformat_query2
[2016.07.03-20.35.43:044][  0]LogRHI:   GL_ARB_invalidate_subdata
[2016.07.03-20.35.43:044][  0]LogRHI:   GL_ARB_map_buffer_alignment
[2016.07.03-20.35.43:044][  0]LogRHI:   GL_ARB_map_buffer_range
[2016.07.03-20.35.43:044][  0]LogRHI:   GL_ARB_multi_bind
[2016.07.03-20.35.43:044][  0]LogRHI:   GL_ARB_multi_draw_indirect
[2016.07.03-20.35.43:044][  0]LogRHI:   GL_ARB_multisample
[2016.07.03-20.35.43:044][  0]LogRHI:   GL_ARB_multitexture
[2016.07.03-20.35.43:044][  0]LogRHI:   GL_ARB_occlusion_query
[2016.07.03-20.35.43:044][  0]LogRHI:   GL_ARB_occlusion_query2
[2016.07.03-20.35.43:044][  0]LogRHI:   GL_ARB_parallel_shader_compile
[2016.07.03-20.35.43:044][  0]LogRHI:   GL_ARB_pipeline_statistics_query
[2016.07.03-20.35.43:044][  0]LogRHI:   GL_ARB_pixel_buffer_object
[2016.07.03-20.35.43:044][  0]LogRHI:   GL_ARB_point_parameters
[2016.07.03-20.35.43:044][  0]LogRHI:   GL_ARB_point_sprite
[2016.07.03-20.35.43:044][  0]LogRHI:   GL_ARB_program_interface_query
[2016.07.03-20.35.43:044][  0]LogRHI:   GL_ARB_provoking_vertex
[2016.07.03-20.35.43:044][  0]LogRHI:   GL_ARB_query_buffer_object
[2016.07.03-20.35.43:044][  0]LogRHI:   GL_ARB_robust_buffer_access_behavior
[2016.07.03-20.35.43:044][  0]LogRHI:   GL_ARB_robustness
[2016.07.03-20.35.43:044][  0]LogRHI:   GL_ARB_sample_shading
[2016.07.03-20.35.43:044][  0]LogRHI:   GL_ARB_sampler_objects
[2016.07.03-20.35.43:044][  0]LogRHI:   GL_ARB_seamless_cube_map
[2016.07.03-20.35.43:044][  0]LogRHI:   GL_ARB_seamless_cubemap_per_texture
[2016.07.03-20.35.43:044][  0]LogRHI:   GL_ARB_separate_shader_objects
[2016.07.03-20.35.43:044][  0]LogRHI:   GL_ARB_shader_atomic_counter_ops
[2016.07.03-20.35.43:044][  0]LogRHI:   GL_ARB_shader_atomic_counters
[2016.07.03-20.35.43:044][  0]LogRHI:   GL_ARB_shader_ballot
[2016.07.03-20.35.43:044][  0]LogRHI:   GL_ARB_shader_bit_encoding
[2016.07.03-20.35.43:044][  0]LogRHI:   GL_ARB_shader_clock
[2016.07.03-20.35.43:044][  0]LogRHI:   GL_ARB_shader_draw_parameters
[2016.07.03-20.35.43:044][  0]LogRHI:   GL_ARB_shader_group_vote
[2016.07.03-20.35.43:044][  0]LogRHI:   GL_ARB_shader_image_load_store
[2016.07.03-20.35.43:044][  0]LogRHI:   GL_ARB_shader_image_size
[2016.07.03-20.35.43:044][  0]LogRHI:   GL_ARB_shader_objects
[2016.07.03-20.35.43:044][  0]LogRHI:   GL_ARB_shader_precision
[2016.07.03-20.35.43:044][  0]LogRHI:   GL_ARB_shader_storage_buffer_object
[2016.07.03-20.35.43:044][  0]LogRHI:   GL_ARB_shader_subroutine
[2016.07.03-20.35.43:044][  0]LogRHI:   GL_ARB_shader_texture_image_samples
[2016.07.03-20.35.43:044][  0]LogRHI:   GL_ARB_shader_texture_lod
[2016.07.03-20.35.43:044][  0]LogRHI:   GL_ARB_shading_language_100
[2016.07.03-20.35.43:044][  0]LogRHI:   GL_ARB_shading_language_420pack
[2016.07.03-20.35.43:044][  0]LogRHI:   GL_ARB_shading_language_include
[2016.07.03-20.35.43:044][  0]LogRHI:   GL_ARB_shading_language_packing
[2016.07.03-20.35.43:044][  0]LogRHI:   GL_ARB_shadow
[2016.07.03-20.35.43:044][  0]LogRHI:   GL_ARB_sparse_buffer
[2016.07.03-20.35.43:044][  0]LogRHI:   GL_ARB_sparse_texture
[2016.07.03-20.35.43:044][  0]LogRHI:   GL_ARB_stencil_texturing
[2016.07.03-20.35.43:044][  0]LogRHI:   GL_ARB_sync
[2016.07.03-20.35.43:044][  0]LogRHI:   GL_ARB_tessellation_shader
[2016.07.03-20.35.43:044][  0]LogRHI:   GL_ARB_texture_barrier
[2016.07.03-20.35.43:044][  0]LogRHI:   GL_ARB_texture_border_clamp
[2016.07.03-20.35.43:044][  0]LogRHI:   GL_ARB_texture_buffer_object
[2016.07.03-20.35.43:044][  0]LogRHI:   GL_ARB_texture_buffer_object_rgb32
[2016.07.03-20.35.43:044][  0]LogRHI:   GL_ARB_texture_buffer_range
[2016.07.03-20.35.43:044][  0]LogRHI:   GL_ARB_texture_compression
[2016.07.03-20.35.43:044][  0]LogRHI:   GL_ARB_texture_compression_bptc
[2016.07.03-20.35.43:044][  0]LogRHI:   GL_ARB_texture_compression_rgtc
[2016.07.03-20.35.43:044][  0]LogRHI:   GL_ARB_texture_cube_map
[2016.07.03-20.35.43:044][  0]LogRHI:   GL_ARB_texture_cube_map_array
[2016.07.03-20.35.43:044][  0]LogRHI:   GL_ARB_texture_env_add
[2016.07.03-20.35.43:044][  0]LogRHI:   GL_ARB_texture_env_combine
[2016.07.03-20.35.43:044][  0]LogRHI:   GL_ARB_texture_env_crossbar
[2016.07.03-20.35.43:044][  0]LogRHI:   GL_ARB_texture_env_dot3
[2016.07.03-20.35.43:044][  0]LogRHI:   GL_ARB_texture_float
[2016.07.03-20.35.43:044][  0]LogRHI:   GL_ARB_texture_gather
[2016.07.03-20.35.43:044][  0]LogRHI:   GL_ARB_texture_mirror_clamp_to_edge
[2016.07.03-20.35.43:044][  0]LogRHI:   GL_ARB_texture_mirrored_repeat
[2016.07.03-20.35.43:044][  0]LogRHI:   GL_ARB_texture_multisample
[2016.07.03-20.35.43:044][  0]LogRHI:   GL_ARB_texture_non_power_of_two
[2016.07.03-20.35.43:044][  0]LogRHI:   GL_ARB_texture_query_levels
[2016.07.03-20.35.43:044][  0]LogRHI:   GL_ARB_texture_query_lod
[2016.07.03-20.35.43:044][  0]LogRHI:   GL_ARB_texture_rectangle
[2016.07.03-20.35.43:044][  0]LogRHI:   GL_ARB_texture_rg
[2016.07.03-20.35.43:044][  0]LogRHI:   GL_ARB_texture_rgb10_a2ui
[2016.07.03-20.35.43:044][  0]LogRHI:   GL_ARB_texture_stencil8
[2016.07.03-20.35.43:045][  0]LogRHI:   GL_ARB_texture_storage
[2016.07.03-20.35.43:045][  0]LogRHI:   GL_ARB_texture_storage_multisample
[2016.07.03-20.35.43:045][  0]LogRHI:   GL_ARB_texture_swizzle
[2016.07.03-20.35.43:045][  0]LogRHI:   GL_ARB_texture_view
[2016.07.03-20.35.43:045][  0]LogRHI:   GL_ARB_timer_query
[2016.07.03-20.35.43:045][  0]LogRHI:   GL_ARB_transform_feedback2
[2016.07.03-20.35.43:045][  0]LogRHI:   GL_ARB_transform_feedback3
[2016.07.03-20.35.43:045][  0]LogRHI:   GL_ARB_transform_feedback_instanced
[2016.07.03-20.35.43:045][  0]LogRHI:   GL_ARB_transform_feedback_overflow_query
[2016.07.03-20.35.43:045][  0]LogRHI:   GL_ARB_transpose_matrix
[2016.07.03-20.35.43:045][  0]LogRHI:   GL_ARB_uniform_buffer_object
[2016.07.03-20.35.43:045][  0]LogRHI:   GL_ARB_vertex_array_bgra
[2016.07.03-20.35.43:045][  0]LogRHI:   GL_ARB_vertex_array_object
[2016.07.03-20.35.43:045][  0]LogRHI:   GL_ARB_vertex_attrib_64bit
[2016.07.03-20.35.43:045][  0]LogRHI:   GL_ARB_vertex_attrib_binding
[2016.07.03-20.35.43:045][  0]LogRHI:   GL_ARB_vertex_buffer_object
[2016.07.03-20.35.43:045][  0]LogRHI:   GL_ARB_vertex_program
[2016.07.03-20.35.43:045][  0]LogRHI:   GL_ARB_vertex_shader
[2016.07.03-20.35.43:045][  0]LogRHI:   GL_ARB_vertex_type_10f_11f_11f_rev
[2016.07.03-20.35.43:045][  0]LogRHI:   GL_ARB_vertex_type_2_10_10_10_rev
[2016.07.03-20.35.43:045][  0]LogRHI:   GL_ARB_viewport_array
[2016.07.03-20.35.43:045][  0]LogRHI:   GL_ARB_window_pos
[2016.07.03-20.35.43:045][  0]LogRHI:   GL_ATI_draw_buffers
[2016.07.03-20.35.43:045][  0]LogRHI:   GL_ATI_texture_float
[2016.07.03-20.35.43:045][  0]LogRHI:   GL_ATI_texture_mirror_once
[2016.07.03-20.35.43:045][  0]LogRHI:   GL_S3_s3tc
[2016.07.03-20.35.43:045][  0]LogRHI:   GL_EXT_texture_env_add
[2016.07.03-20.35.43:045][  0]LogRHI:   GL_EXT_abgr
[2016.07.03-20.35.43:045][  0]LogRHI:   GL_EXT_bgra
[2016.07.03-20.35.43:045][  0]LogRHI:   GL_EXT_bindable_uniform
[2016.07.03-20.35.43:045][  0]LogRHI:   GL_EXT_blend_color
[2016.07.03-20.35.43:045][  0]LogRHI:   GL_EXT_blend_equation_separate
[2016.07.03-20.35.43:045][  0]LogRHI:   GL_EXT_blend_func_separate
[2016.07.03-20.35.43:045][  0]LogRHI:   GL_EXT_blend_minmax
[2016.07.03-20.35.43:045][  0]LogRHI:   GL_EXT_blend_subtract
[2016.07.03-20.35.43:045][  0]LogRHI:   GL_EXT_compiled_vertex_array
[2016.07.03-20.35.43:045][  0]LogRHI:   GL_EXT_Cg_shader
[2016.07.03-20.35.43:045][  0]LogRHI:   GL_EXT_depth_bounds_test
[2016.07.03-20.35.43:045][  0]LogRHI:   GL_EXT_direct_state_access
[2016.07.03-20.35.43:045][  0]LogRHI:   GL_EXT_draw_buffers2
[2016.07.03-20.35.43:045][  0]LogRHI:   GL_EXT_draw_instanced
[2016.07.03-20.35.43:045][  0]LogRHI:   GL_EXT_draw_range_elements
[2016.07.03-20.35.43:045][  0]LogRHI:   GL_EXT_fog_coord
[2016.07.03-20.35.43:045][  0]LogRHI:   GL_EXT_framebuffer_blit
[2016.07.03-20.35.43:045][  0]LogRHI:   GL_EXT_framebuffer_multisample
[2016.07.03-20.35.43:045][  0]LogRHI:   GL_EXTX_framebuffer_mixed_formats
[2016.07.03-20.35.43:045][  0]LogRHI:   GL_EXT_framebuffer_multisample_blit_scaled
[2016.07.03-20.35.43:045][  0]LogRHI:   GL_EXT_framebuffer_object
[2016.07.03-20.35.43:045][  0]LogRHI:   GL_EXT_framebuffer_sRGB
[2016.07.03-20.35.43:045][  0]LogRHI:   GL_EXT_geometry_shader4
[2016.07.03-20.35.43:045][  0]LogRHI:   GL_EXT_gpu_program_parameters
[2016.07.03-20.35.43:045][  0]LogRHI:   GL_EXT_gpu_shader4
[2016.07.03-20.35.43:045][  0]LogRHI:   GL_EXT_multi_draw_arrays
[2016.07.03-20.35.43:045][  0]LogRHI:   GL_EXT_packed_depth_stencil
[2016.07.03-20.35.43:045][  0]LogRHI:   GL_EXT_packed_float
[2016.07.03-20.35.43:045][  0]LogRHI:   GL_EXT_packed_pixels
[2016.07.03-20.35.43:045][  0]LogRHI:   GL_EXT_pixel_buffer_object
[2016.07.03-20.35.43:045][  0]LogRHI:   GL_EXT_point_parameters
[2016.07.03-20.35.43:045][  0]LogRHI:   GL_EXT_polygon_offset_clamp
[2016.07.03-20.35.43:045][  0]LogRHI:   GL_EXT_provoking_vertex
[2016.07.03-20.35.43:045][  0]LogRHI:   GL_EXT_rescale_normal
[2016.07.03-20.35.43:045][  0]LogRHI:   GL_EXT_secondary_color
[2016.07.03-20.35.43:045][  0]LogRHI:   GL_EXT_separate_shader_objects
[2016.07.03-20.35.43:045][  0]LogRHI:   GL_EXT_separate_specular_color
[2016.07.03-20.35.43:045][  0]LogRHI:   GL_EXT_shader_image_load_store
[2016.07.03-20.35.43:045][  0]LogRHI:   GL_EXT_shader_integer_mix
[2016.07.03-20.35.43:045][  0]LogRHI:   GL_EXT_shadow_funcs
[2016.07.03-20.35.43:045][  0]LogRHI:   GL_EXT_stencil_two_side
[2016.07.03-20.35.43:045][  0]LogRHI:   GL_EXT_stencil_wrap
[2016.07.03-20.35.43:045][  0]LogRHI:   GL_EXT_texture3D
[2016.07.03-20.35.43:045][  0]LogRHI:   GL_EXT_texture_array
[2016.07.03-20.35.43:045][  0]LogRHI:   GL_EXT_texture_buffer_object
[2016.07.03-20.35.43:045][  0]LogRHI:   GL_EXT_texture_compression_dxt1
[2016.07.03-20.35.43:045][  0]LogRHI:   GL_EXT_texture_compression_latc
[2016.07.03-20.35.43:045][  0]LogRHI:   GL_EXT_texture_compression_rgtc
[2016.07.03-20.35.43:045][  0]LogRHI:   GL_EXT_texture_compression_s3tc
[2016.07.03-20.35.43:045][  0]LogRHI:   GL_EXT_texture_cube_map
[2016.07.03-20.35.43:045][  0]LogRHI:   GL_EXT_texture_edge_clamp
[2016.07.03-20.35.43:045][  0]LogRHI:   GL_EXT_texture_env_combine
[2016.07.03-20.35.43:045][  0]LogRHI:   GL_EXT_texture_env_dot3
[2016.07.03-20.35.43:045][  0]LogRHI:   GL_EXT_texture_filter_anisotropic
[2016.07.03-20.35.43:045][  0]LogRHI:   GL_EXT_texture_integer
[2016.07.03-20.35.43:045][  0]LogRHI:   GL_EXT_texture_lod
[2016.07.03-20.35.43:045][  0]LogRHI:   GL_EXT_texture_lod_bias
[2016.07.03-20.35.43:045][  0]LogRHI:   GL_EXT_texture_mirror_clamp
[2016.07.03-20.35.43:045][  0]LogRHI:   GL_EXT_texture_object
[2016.07.03-20.35.43:045][  0]LogRHI:   GL_EXT_texture_shared_exponent
[2016.07.03-20.35.43:045][  0]LogRHI:   GL_EXT_texture_sRGB
[2016.07.03-20.35.43:045][  0]LogRHI:   GL_EXT_texture_sRGB_decode
[2016.07.03-20.35.43:045][  0]LogRHI:   GL_EXT_texture_storage
[2016.07.03-20.35.43:045][  0]LogRHI:   GL_EXT_texture_swizzle
[2016.07.03-20.35.43:045][  0]LogRHI:   GL_EXT_timer_query
[2016.07.03-20.35.43:045][  0]LogRHI:   GL_EXT_transform_feedback2
[2016.07.03-20.35.43:045][  0]LogRHI:   GL_EXT_vertex_array
[2016.07.03-20.35.43:045][  0]LogRHI:   GL_EXT_vertex_array_bgra
[2016.07.03-20.35.43:045][  0]LogRHI:   GL_EXT_vertex_attrib_64bit
[2016.07.03-20.35.43:045][  0]LogRHI:   GL_EXT_x11_sync_object
[2016.07.03-20.35.43:045][  0]LogRHI:   GL_EXT_import_sync_object
[2016.07.03-20.35.43:045][  0]LogRHI:   GL_NV_robustness_video_memory_purge
[2016.07.03-20.35.43:045][  0]LogRHI:   GL_IBM_rasterpos_clip
[2016.07.03-20.35.43:045][  0]LogRHI:   GL_IBM_texture_mirrored_repeat
[2016.07.03-20.35.43:045][  0]LogRHI:   GL_KHR_context_flush_control
[2016.07.03-20.35.43:045][  0]LogRHI:   GL_KHR_debug
[2016.07.03-20.35.43:045][  0]LogRHI:   GL_KHR_no_error
[2016.07.03-20.35.43:045][  0]LogRHI:   GL_KHR_robust_buffer_access_behavior
[2016.07.03-20.35.43:045][  0]LogRHI:   GL_KHR_robustness
[2016.07.03-20.35.43:045][  0]LogRHI:   GL_KTX_buffer_region
[2016.07.03-20.35.43:045][  0]LogRHI:   GL_NV_bindless_multi_draw_indirect
[2016.07.03-20.35.43:046][  0]LogRHI:   GL_NV_bindless_multi_draw_indirect_count
[2016.07.03-20.35.43:046][  0]LogRHI:   GL_NV_bindless_texture
[2016.07.03-20.35.43:046][  0]LogRHI:   GL_NV_blend_equation_advanced
[2016.07.03-20.35.43:046][  0]LogRHI:   GL_NV_blend_square
[2016.07.03-20.35.43:046][  0]LogRHI:   GL_NV_command_list
[2016.07.03-20.35.43:046][  0]LogRHI:   GL_NV_compute_program5
[2016.07.03-20.35.43:046][  0]LogRHI:   GL_NV_conditional_render
[2016.07.03-20.35.43:046][  0]LogRHI:   GL_NV_copy_depth_to_color
[2016.07.03-20.35.43:046][  0]LogRHI:   GL_NV_copy_image
[2016.07.03-20.35.43:046][  0]LogRHI:   GL_NV_depth_buffer_float
[2016.07.03-20.35.43:046][  0]LogRHI:   GL_NV_depth_clamp
[2016.07.03-20.35.43:046][  0]LogRHI:   GL_NV_draw_texture
[2016.07.03-20.35.43:046][  0]LogRHI:   GL_NV_draw_vulkan_image
[2016.07.03-20.35.43:046][  0]LogRHI:   GL_NV_ES1_1_compatibility
[2016.07.03-20.35.43:046][  0]LogRHI:   GL_NV_ES3_1_compatibility
[2016.07.03-20.35.43:046][  0]LogRHI:   GL_NV_explicit_multisample
[2016.07.03-20.35.43:046][  0]LogRHI:   GL_NV_fence
[2016.07.03-20.35.43:046][  0]LogRHI:   GL_NV_float_buffer
[2016.07.03-20.35.43:046][  0]LogRHI:   GL_NV_fog_distance
[2016.07.03-20.35.43:046][  0]LogRHI:   GL_NV_fragment_program
[2016.07.03-20.35.43:046][  0]LogRHI:   GL_NV_fragment_program_option
[2016.07.03-20.35.43:046][  0]LogRHI:   GL_NV_fragment_program2
[2016.07.03-20.35.43:046][  0]LogRHI:   GL_NV_framebuffer_multisample_coverage
[2016.07.03-20.35.43:046][  0]LogRHI:   GL_NV_geometry_shader4
[2016.07.03-20.35.43:046][  0]LogRHI:   GL_NV_gpu_program4
[2016.07.03-20.35.43:046][  0]LogRHI:   GL_NV_internalformat_sample_query
[2016.07.03-20.35.43:046][  0]LogRHI:   GL_NV_gpu_program4_1
[2016.07.03-20.35.43:046][  0]LogRHI:   GL_NV_gpu_program5
[2016.07.03-20.35.43:046][  0]LogRHI:   GL_NV_gpu_program5_mem_extended
[2016.07.03-20.35.43:046][  0]LogRHI:   GL_NV_gpu_program_fp64
[2016.07.03-20.35.43:046][  0]LogRHI:   GL_NV_gpu_shader5
[2016.07.03-20.35.43:046][  0]LogRHI:   GL_NV_half_float
[2016.07.03-20.35.43:046][  0]LogRHI:   GL_NV_light_max_exponent
[2016.07.03-20.35.43:046][  0]LogRHI:   GL_NV_multisample_coverage
[2016.07.03-20.35.43:046][  0]LogRHI:   GL_NV_multisample_filter_hint
[2016.07.03-20.35.43:046][  0]LogRHI:   GL_NV_occlusion_query
[2016.07.03-20.35.43:046][  0]LogRHI:   GL_NV_packed_depth_stencil
[2016.07.03-20.35.43:046][  0]LogRHI:   GL_NV_parameter_buffer_object
[2016.07.03-20.35.43:046][  0]LogRHI:   GL_NV_parameter_buffer_object2
[2016.07.03-20.35.43:046][  0]LogRHI:   GL_NV_path_rendering
[2016.07.03-20.35.43:046][  0]LogRHI:   GL_NV_pixel_data_range
[2016.07.03-20.35.43:046][  0]LogRHI:   GL_NV_point_sprite
[2016.07.03-20.35.43:046][  0]LogRHI:   GL_NV_primitive_restart
[2016.07.03-20.35.43:046][  0]LogRHI:   GL_NV_register_combiners
[2016.07.03-20.35.43:046][  0]LogRHI:   GL_NV_register_combiners2
[2016.07.03-20.35.43:046][  0]LogRHI:   GL_NV_shader_atomic_counters
[2016.07.03-20.35.43:046][  0]LogRHI:   GL_NV_shader_atomic_float
[2016.07.03-20.35.43:046][  0]LogRHI:   GL_NV_shader_buffer_load
[2016.07.03-20.35.43:046][  0]LogRHI:   GL_NV_shader_storage_buffer_object
[2016.07.03-20.35.43:046][  0]LogRHI:   GL_NV_texgen_reflection
[2016.07.03-20.35.43:046][  0]LogRHI:   GL_NV_texture_barrier
[2016.07.03-20.35.43:046][  0]LogRHI:   GL_NV_texture_compression_vtc
[2016.07.03-20.35.43:046][  0]LogRHI:   GL_NV_texture_env_combine4
[2016.07.03-20.35.43:046][  0]LogRHI:   GL_NV_texture_multisample
[2016.07.03-20.35.43:046][  0]LogRHI:   GL_NV_texture_rectangle
[2016.07.03-20.35.43:046][  0]LogRHI:   GL_NV_texture_shader
[2016.07.03-20.35.43:046][  0]LogRHI:   GL_NV_texture_shader2
[2016.07.03-20.35.43:046][  0]LogRHI:   GL_NV_texture_shader3
[2016.07.03-20.35.43:046][  0]LogRHI:   GL_NV_transform_feedback
[2016.07.03-20.35.43:046][  0]LogRHI:   GL_NV_transform_feedback2
[2016.07.03-20.35.43:046][  0]LogRHI:   GL_NV_uniform_buffer_unified_memory
[2016.07.03-20.35.43:046][  0]LogRHI:   GL_NV_vdpau_interop
[2016.07.03-20.35.43:046][  0]LogRHI:   GL_NV_vertex_array_range
[2016.07.03-20.35.43:046][  0]LogRHI:   GL_NV_vertex_array_range2
[2016.07.03-20.35.43:046][  0]LogRHI:   GL_NV_vertex_attrib_integer_64bit
[2016.07.03-20.35.43:046][  0]LogRHI:   GL_NV_vertex_buffer_unified_memory
[2016.07.03-20.35.43:046][  0]LogRHI:   GL_NV_vertex_program
[2016.07.03-20.35.43:046][  0]LogRHI:   GL_NV_vertex_program1_1
[2016.07.03-20.35.43:046][  0]LogRHI:   GL_NV_vertex_program2
[2016.07.03-20.35.43:046][  0]LogRHI:   GL_NV_vertex_program2_option
[2016.07.03-20.35.43:046][  0]LogRHI:   GL_NV_vertex_program3
[2016.07.03-20.35.43:046][  0]LogRHI:   GL_NVX_conditional_render
[2016.07.03-20.35.43:046][  0]LogRHI:   GL_NVX_gpu_memory_info
[2016.07.03-20.35.43:046][  0]LogRHI:   GL_NVX_nvenc_interop
[2016.07.03-20.35.43:046][  0]LogRHI:   GL_NV_shader_thread_group
[2016.07.03-20.35.43:046][  0]LogRHI:   GL_NV_shader_thread_shuffle
[2016.07.03-20.35.43:046][  0]LogRHI:   GL_KHR_blend_equation_advanced
[2016.07.03-20.35.43:046][  0]LogRHI:   GL_SGIS_generate_mipmap
[2016.07.03-20.35.43:046][  0]LogRHI:   GL_SGIS_texture_lod
[2016.07.03-20.35.43:046][  0]LogRHI:   GL_SGIX_depth_texture
[2016.07.03-20.35.43:046][  0]LogRHI:   GL_SGIX_shadow
[2016.07.03-20.35.43:046][  0]LogRHI:   GL_SUN_slice_accum
[2016.07.03-20.35.43:047][  0]LogRHI:   GL_MAX_TEXTURE_SIZE: 16384
[2016.07.03-20.35.43:048][  0]LogRHI:   GL_MAX_CUBE_MAP_TEXTURE_SIZE: 16384
[2016.07.03-20.35.43:048][  0]LogRHI:   GL_MAX_ARRAY_TEXTURE_LAYERS: 2048
[2016.07.03-20.35.43:048][  0]LogRHI:   GL_MAX_3D_TEXTURE_SIZE: 2048
[2016.07.03-20.35.43:048][  0]LogRHI:   GL_MAX_RENDERBUFFER_SIZE: 16384
[2016.07.03-20.35.43:048][  0]LogRHI:   GL_MAX_TEXTURE_IMAGE_UNITS: 32
[2016.07.03-20.35.43:048][  0]LogRHI:   GL_MAX_DRAW_BUFFERS: 8
[2016.07.03-20.35.43:048][  0]LogRHI:   GL_MAX_COLOR_ATTACHMENTS: 8
[2016.07.03-20.35.43:048][  0]LogRHI:   GL_MAX_SAMPLES: 32
[2016.07.03-20.35.43:048][  0]LogRHI:   GL_MAX_COLOR_TEXTURE_SAMPLES: 32
[2016.07.03-20.35.43:048][  0]LogRHI:   GL_MAX_DEPTH_TEXTURE_SAMPLES: 32
[2016.07.03-20.35.43:048][  0]LogRHI:   GL_MAX_INTEGER_SAMPLES: 32
[2016.07.03-20.35.43:048][  0]LogRHI:   GL_MAX_COMBINED_TEXTURE_IMAGE_UNITS: 192
[2016.07.03-20.35.43:048][  0]LogRHI:   GL_MAX_VERTEX_ATTRIBS: 16
[2016.07.03-20.35.43:048][  0]LogRHI:   GL_MAX_TEXTURE_MAX_ANISOTROPY_EXT: 16
[2016.07.03-20.35.43:048][  0]LogRHI: OpenGL MajorVersion = 3, MinorVersion = 2, ShaderPlatform = GLSL_150, FeatureLevel = SM4
[2016.07.03-20.35.43:051][  0]LogRHI: Texture pool is 1433 MB (70% of 2048 MB)
[2016.07.03-20.35.43:051][  0]LogShaderCompilers: Guid format shader working directory is 14 characters bigger than the processId version (../../../../Unreal Projects/MiniMap1/Intermediate/Shaders/WorkingDirectory/14601/).
[2016.07.03-20.35.43:051][  0]LogShaderCompilers: Cleaned the shader compiler working directory '../../../../Unreal Projects/MiniMap1/Intermediate/Shaders/tmp/000400342B071603002300330D89932F/'.
[2016.07.03-20.35.43:051][  0]LogShaderCompilers:Display: Using Local Shader Compiler.
[2016.07.03-20.35.44:074][  0]LogHAL: FLinuxPlatformProcess::CreateProc: '/usr/bin/mono "/home/dporobic/Documents/UnrealEngine/Engine/Binaries/DotNET/UnrealBuildTool.exe" -validateplatform -allplatforms'
[2016.07.03-20.35.44:077][  0]LogHAL: FLinuxPlatformProcess::CreateProc: spawned child 14616
[2016.07.03-20.35.44:677][  0]LogHAL: Child 14616 is no more running (zombie), Wait()ing immediately.
[2016.07.03-20.35.44:677][  0]LogTemp:Display: Loaded TP AllDesktopTargetPlatform
[2016.07.03-20.35.44:885][  0]LogTemp:Display: Failed to get target platform HTML5TargetPlatform
[2016.07.03-20.35.45:101][  0]LogTemp:Display: Loaded TP LinuxTargetPlatform
[2016.07.03-20.35.45:317][  0]LogTemp:Display: Loaded TP LinuxNoEditorTargetPlatform
[2016.07.03-20.35.45:530][  0]LogTemp:Display: Loaded TP LinuxServerTargetPlatform
[2016.07.03-20.35.45:530][  0]LogTargetPlatformManager:Display: Building Assets For Linux
[2016.07.03-20.35.45:964][  0]LogDerivedDataCache:Display: Max Cache Size: 512 MB
[2016.07.03-20.35.46:002][  0]LogDerivedDataCache: Loaded boot cache 0.04s 78MB ../../../../Unreal Projects/MiniMap1/DerivedDataCache/Boot.ddc.
[2016.07.03-20.35.46:002][  0]LogDerivedDataCache:Display: Loaded Boot cache: ../../../../Unreal Projects/MiniMap1/DerivedDataCache/Boot.ddc
[2016.07.03-20.35.46:003][  0]LogDerivedDataCache: FDerivedDataBackendGraph:  Pak pak cache file ../../../../Unreal Projects/MiniMap1/DerivedDataCache/DDC.ddp not found, will not use a pak cache.
[2016.07.03-20.35.46:003][  0]LogDerivedDataCache: Unable to find inner node Pak for hierarchical cache Hierarchy.
[2016.07.03-20.35.46:003][  0]LogDerivedDataCache: FDerivedDataBackendGraph:  EnginePak pak cache file ../../../Engine/DerivedDataCache/DDC.ddp not found, will not use a pak cache.
[2016.07.03-20.35.46:003][  0]LogDerivedDataCache: Unable to find inner node EnginePak for hierarchical cache Hierarchy.
[2016.07.03-20.35.46:003][  0]LogDerivedDataCache: Using Local data cache path ../../../Engine/DerivedDataCache: Writable
[2016.07.03-20.35.46:003][  0]LogDerivedDataCache: Shared data cache path not found in *engine.ini, will not use an Shared cache.
[2016.07.03-20.35.46:003][  0]LogDerivedDataCache: Unable to find inner node Shared for hierarchical cache Hierarchy.
[2016.07.03-20.35.46:139][  0]LogLinux: Selected Device Profile: [Linux]
[2016.07.03-20.35.46:139][  0]LogContentStreaming: Texture pool size is 0.000000MB
[2016.07.03-20.35.46:143][  0]LogHAL: Linux SourceCodeAccessSettings: KDevelopSourceCodeAccessor
[2016.07.03-20.35.46:484][  0]LogMeshUtilities: No automatic mesh reduction module available
[2016.07.03-20.35.46:484][  0]LogMeshUtilities: No automatic mesh merging module available
[2016.07.03-20.35.49:191][  0]LogStats: UGameplayTagsManager::ConstructGameplayTagTree: Construct from data asset -  0.000 s
[2016.07.03-20.35.49:191][  0]LogStats: UGameplayTagsManager::ConstructGameplayTagTree: GameplayTagTreeChangedEvent.Broadcast -  0.000 s
[2016.07.03-20.35.50:981][  0]UdpMessaging: Initializing bridge on interface 0.0.0.0:0 to multicast group 230.0.0.1:6666.
[2016.07.03-20.35.51:241][  0]LogAssetRegistry: FAssetRegistry took 0.0003 seconds to start up
[2016.07.03-20.35.53:692][  0]LogDesktopPlatform: DesktopPlatformLinux is not using LinuxNativeDialogs.
[2016.07.03-20.35.54:088][  0]SourceControl: Info Source control is disabled
[2016.07.03-20.35.54:089][  0]LogHAL: FLinuxPlatformProcess::CreateProc: '/usr/bin/git version'
[2016.07.03-20.35.54:095][  0]LogHAL: FLinuxPlatformProcess::CreateProc: spawned child 14657
[2016.07.03-20.35.54:103][  0]LogHAL: Child 14657 is no more running (zombie), Wait()ing immediately.
[2016.07.03-20.35.54:603][  0]SourceControl: Info Source control is disabled
[2016.07.03-20.35.55:050][  0]SourceControl: Info Source control is disabled
[2016.07.03-20.35.55:265][  0]SourceControl: Info Source control is disabled
[2016.07.03-20.35.57:428][  0]LogObj: 30300 objects as part of root set at end of initial load.
[2016.07.03-20.35.57:428][  0]LogUObjectAllocator: 6136904 out of 0 bytes used by permanent object pool.
[2016.07.03-20.35.57:966][  0]LogEngine: Initializing Engine...
[2016.07.03-20.35.58:789][  0]LogAIModule: Creating AISystem for world NewWorld
[2016.07.03-20.35.58:794][  0]LogALAudio: ALAudio device opened : OpenAL Soft
[2016.07.03-20.35.58:796][  0]LogALAudio: AL_VENDOR      : OpenAL Community
[2016.07.03-20.35.58:796][  0]LogALAudio: AL_RENDERER    : OpenAL Soft
[2016.07.03-20.35.58:796][  0]LogALAudio: AL_VERSION     : 1.1 ALSOFT 1.15.1
[2016.07.03-20.35.58:796][  0]LogALAudio: AL_EXTENSIONS  : AL_EXT_ALAW AL_EXT_DOUBLE AL_EXT_EXPONENT_DISTANCE AL_EXT_FLOAT32 AL_EXT_IMA4 AL_EXT_LINEAR_DISTANCE AL_EXT_MCFORMATS AL_EXT_MULAW AL_EXT_MULAW_MCFORMATS AL_EXT_OFFSET AL_EXT_source_distance_model AL_LOKI_quadriphonic AL_SOFT_buffer_samples AL_SOFT_buffer_sub_data AL_SOFTX_deferred_updates AL_SOFT_direct_channels AL_SOFT_loop_points AL_SOFT_source_latency
[2016.07.03-20.35.58:797][  0]LogInit: FAudioDevice initialized.
[2016.07.03-20.35.58:836][  0]LogDerivedDataCache: Saved boot cache 0.04s 78MB ../../../../Unreal Projects/MiniMap1/DerivedDataCache/Boot.ddc.
[2016.07.03-20.35.58:845][  0]LogInit: Texture streaming: Enabled
[2016.07.03-20.35.59:185][  0]LogInit: Transaction tracking system initialized
[2016.07.03-20.36.00:997][  0]BlueprintLog: New page: Editor Load
[2016.07.03-20.36.05:133][  0]LocalizationService: Info Localization service is disabled
[2016.07.03-20.36.07:025][  0]LogConsoleResponse:Display: 
[2016.07.03-20.36.07:345][  0]LogFileCache: Scanning file cache for directory '/home/dporobic/Documents/Unreal Projects/MiniMap1/Content/' took 0.00s
[2016.07.03-20.36.07:345][  0]LogCook:Display: Done creating registry. It took  0.00s.
[2016.07.03-20.36.09:511][  0]SourceControl: Info Source control is disabled
[2016.07.03-20.36.09:511][  0]Cmd: MAP LOAD FILE="../../../../Unreal Projects/MiniMap1/Content/ThirdPersonBP/Maps/ThirdPersonExampleMap.umap" TEMPLATE=0 SHOWPROGRESS=1 FEATURELEVEL=2
[2016.07.03-20.36.09:512][  0]LightingResults: New page: Lighting Build
[2016.07.03-20.36.09:731][  0]MapCheck: New page: Map Check
[2016.07.03-20.36.09:731][  0]LightingResults: New page: Lighting Build
[2016.07.03-20.36.09:743][  0]LogParticles: Destroying 0 GPU particle simulations for FXSystem 0x0xa7b4c60
[2016.07.03-20.36.10:317][  0]LogAIModule: Creating AISystem for world ThirdPersonExampleMap
[2016.07.03-20.36.10:324][  0]LogEditorServer: Finished looking for orphan Actors (0.000 secs)
[2016.07.03-20.36.10:324][  0]Cmd: MAP CHECKDEP NOCLEARLOG
[2016.07.03-20.36.10:341][  0]MapCheck: Info Map check complete: 0 Error(s), 0 Warning(s), took 16.437ms to complete.
[2016.07.03-20.36.10:341][  0]LogFileHelpers: Loading map 'ThirdPersonExampleMap' took 0.830
[2016.07.03-20.36.10:780][  0]LogCollectionManager: Loaded 0 collections in 0.000630 seconds
[2016.07.03-20.36.10:790][  0]LogFileCache: Scanning file cache for directory '/home/dporobic/Documents/Unreal Projects/MiniMap1/Saved/Collections/' took 0.00s
[2016.07.03-20.36.10:790][  0]LogFileCache: Scanning file cache for directory '/home/dporobic/Documents/Unreal Projects/MiniMap1/Content/Developers/GenericUser/Collections/' took 0.00s
[2016.07.03-20.36.10:790][  0]LogFileCache: Scanning file cache for directory '/home/dporobic/Documents/Unreal Projects/MiniMap1/Content/Collections/' took 0.00s
[2016.07.03-20.36.10:790][  0]LogContentBrowser: Native class hierarchy populated in 0.0078 seconds. Added 1961 classes and 338 folders.
[2016.07.03-20.36.10:791][  0]LogCollectionManager: Rebuilt the GUID cache for 0 collections in 0.000001 seconds
[2016.07.03-20.36.11:168][  0]LogContentBrowser: Native class hierarchy updated for 'WidgetCarousel' in 0.0003 seconds. Added 0 classes and 0 folders.
[2016.07.03-20.36.11:405][  0]LogContentBrowser: Native class hierarchy updated for 'AddContentDialog' in 0.0003 seconds. Added 0 classes and 0 folders.
[2016.07.03-20.36.11:569][  0]LogContentBrowser: Native class hierarchy updated for 'SceneOutliner' in 0.0004 seconds. Added 1 classes and 0 folders.
[2016.07.03-20.36.11:806][  0]LogCrashTracker: Crashtracker disabled due to settings.
[2016.07.03-20.36.11:816][  0]LogUObjectGlobals:Warning: Failed to find object 'Class None.'
[2016.07.03-20.36.11:832][  0]LogLoad: Full Startup: 31.43 seconds (BP compile: 0.19 seconds)
[2016.07.03-20.36.12:274][  0]LogRenderer: Reallocating scene render targets to support 1204x564 (Frame:2).
[2016.07.03-20.36.12:428][  0]LogContentStreaming: Texture pool size now 700 MB
[2016.07.03-20.36.12:657][  3]LogAssetRegistry: Asset discovery search completed in 21.4158 seconds
[2016.07.03-20.36.12:657][  3]LogCollectionManager: Rebuilt the object cache for 0 collections in 0.000000 seconds (found 0 objects)
[2016.07.03-20.36.12:657][  3]LogCollectionManager: Fixed up redirectors for 0 collections in 0.000070 seconds (updated 0 objects)
[2016.07.03-20.36.25:053][ 65]LogActorComponent: UnregisterComponent: (/Engine/Transient.CharMoveComp) Not registered. Aborting.
[2016.07.03-20.37.14:590][  7]AssetRegistry: New page: Content migration completed successfully!
[2016.07.03-20.37.14:590][  7]AssetRegistry: Info /Game/ThirdPersonBP/Blueprints/MapMaterial
[2016.07.03-20.37.14:590][  7]AssetRegistry: Info /Game/ThirdPersonBP/Blueprints/top_map
[2016.07.03-20.37.31:872][753]LogActorComponent: UnregisterComponent: (/Engine/Transient.CharMoveComp) Not registered. Aborting.
[2016.07.03-20.38.12:335][310]LogUProjectInfo: Found projects:
[2016.07.03-20.38.12:340][310]LogJson:Warning: Field EngineVersion was not found.
[2016.07.03-20.38.12:340][310]LogJson:Error: Json Value of type 'Null' used as a 'String'.
[2016.07.03-20.38.12:340][310]LogJson:Warning: Field EngineVersion was not found.
[2016.07.03-20.38.12:340][310]LogJson:Error: Json Value of type 'Null' used as a 'String'.
[2016.07.03-20.38.13:756][408]LogJson:Warning: Field EngineVersion was not found.
[2016.07.03-20.38.13:756][408]LogJson:Error: Json Value of type 'Null' used as a 'String'.
[2016.07.03-20.38.13:769][409]Cmd: CLOSE_SLATE_MAINFRAME
[2016.07.03-20.38.13:770][409]LogActorComponent: UnregisterComponent: (/Engine/Transient.CharMoveComp) Not registered. Aborting.
[2016.07.03-20.38.14:158][410]Cmd: QUIT_EDITOR
[2016.07.03-20.38.14:239][410]LogHAL: FLinuxPlatformProcess::CreateProc: '/home/dporobic/Documents/UnrealEngine/Engine/Binaries/Linux/UE4Editor "/home/dporobic/Documents/Unreal Projects/MiniMap/MiniMap.uproject"'
[2016.07.03-20.38.14:246][410]LogHAL: FLinuxPlatformProcess::CreateProc: spawned child 14718
[2016.07.03-20.38.14:249][410]LogHAL:Warning: Process (pid=14718) is still running - we will reap it in a waiter thread, but the thread handle is going to be leaked.
[2016.07.03-20.38.14:254][410]LogALAudio: Closing ALAudio device : OpenAL Soft
[2016.07.03-20.38.14:279][410]LogExit: Preparing to exit.
[2016.07.03-20.38.15:286][410]LogExit: Editor shut down
[2016.07.03-20.38.15:286][410]LogExit: Transaction tracking system shut down
[2016.07.03-20.38.15:287][410]LogParticles: Destroying 0 GPU particle simulations for FXSystem 0x0x7fcc946e2260
[2016.07.03-20.38.15:430][410]LogParticles: Destroying 0 GPU particle simulations for FXSystem 0x0x7fcc2b07a4c0
[2016.07.03-20.38.15:430][410]LogParticles: Destroying 0 GPU particle simulations for FXSystem 0x0x7fcc583fd800
[2016.07.03-20.38.15:430][410]LogParticles: Destroying 0 GPU particle simulations for FXSystem 0x0xbdaafe0
[2016.07.03-20.38.15:430][410]LogExit: Object subsystem successfully closed.
[2016.07.03-20.38.15:499][410]LogModuleManager: Shutting down and abandoning module SlateFileDialogs (172)
[2016.07.03-20.38.15:499][410]LogModuleManager: Shutting down and abandoning module CrashTracker (171)
[2016.07.03-20.38.15:499][410]LogModuleManager: Shutting down and abandoning module SceneOutliner (170)
[2016.07.03-20.38.15:500][410]LogModuleManager: Shutting down and abandoning module SuperSearch (169)
[2016.07.03-20.38.15:500][410]LogModuleManager: Shutting down and abandoning module WidgetCarousel (168)
[2016.07.03-20.38.15:500][410]LogModuleManager: Shutting down and abandoning module AddContentDialog (167)
[2016.07.03-20.38.15:500][410]LogModuleManager: Shutting down and abandoning module EditorWidgets (166)
[2016.07.03-20.38.15:500][410]LogModuleManager: Shutting down and abandoning module CollectionManager (165)
[2016.07.03-20.38.15:500][410]LogModuleManager: Shutting down and abandoning module StatsViewer (164)
[2016.07.03-20.38.15:500][410]LogModuleManager: Shutting down and abandoning module FoliageEdit (163)
[2016.07.03-20.38.15:501][410]LogModuleManager: Shutting down and abandoning module LandscapeEditor (162)
[2016.07.03-20.38.15:501][410]LogModuleManager: Shutting down and abandoning module ActorPickerMode (161)
[2016.07.03-20.38.15:501][410]LogModuleManager: Shutting down and abandoning module GeometryMode (160)
[2016.07.03-20.38.15:501][410]LogModuleManager: Shutting down and abandoning module TextureAlignMode (159)
[2016.07.03-20.38.15:501][410]LogModuleManager: Shutting down and abandoning module BspMode (158)
[2016.07.03-20.38.15:501][410]LogModuleManager: Shutting down and abandoning module PlacementMode (157)
[2016.07.03-20.38.15:501][410]LogModuleManager: Shutting down and abandoning module AutomationWorker (156)
[2016.07.03-20.38.15:501][410]LogModuleManager: Shutting down and abandoning module CharacterAI (155)
[2016.07.03-20.38.15:501][410]LogModuleManager: Shutting down and abandoning module SmartSnapping (154)
[2016.07.03-20.38.15:501][410]LogModuleManager: Shutting down and abandoning module ViewportSnapping (153)
[2016.07.03-20.38.15:501][410]LogModuleManager: Shutting down and abandoning module LogVisualizer (152)
[2016.07.03-20.38.15:502][410]LogModuleManager: Shutting down and abandoning module GameProjectGeneration (151)
[2016.07.03-20.38.15:502][410]LogModuleManager: Shutting down and abandoning module IntroTutorials (150)
[2016.07.03-20.38.15:502][410]LogModuleManager: Shutting down and abandoning module EditorLiveStreaming (149)
[2016.07.03-20.38.15:502][410]LogModuleManager: Shutting down and abandoning module HTML5PlatformEditor (148)
[2016.07.03-20.38.15:502][410]LogModuleManager: Shutting down and abandoning module IOSPlatformEditor (147)
[2016.07.03-20.38.15:502][410]LogModuleManager: Shutting down and abandoning module IOSRuntimeSettings (146)
[2016.07.03-20.38.15:502][410]LogModuleManager: Shutting down and abandoning module MergeActors (145)
[2016.07.03-20.38.15:502][410]LogModuleManager: Shutting down and abandoning module SizeMap (144)
[2016.07.03-20.38.15:502][410]LogModuleManager: Shutting down and abandoning module TreeMap (143)
[2016.07.03-20.38.15:502][410]LogModuleManager: Shutting down and abandoning module ReferenceViewer (142)
[2016.07.03-20.38.15:502][410]LogModuleManager: Shutting down and abandoning module LocalizationService (141)
[2016.07.03-20.38.15:502][410]LogModuleManager: Shutting down and abandoning module LocalizationDashboard (140)
[2016.07.03-20.38.15:502][410]LogModuleManager: Shutting down and abandoning module HardwareTargeting (139)
[2016.07.03-20.38.15:502][410]LogModuleManager: Shutting down and abandoning module DeviceProfileEditor (138)
[2016.07.03-20.38.15:502][410]LogModuleManager: Shutting down and abandoning module UndoHistory (137)
[2016.07.03-20.38.15:502][410]LogModuleManager: Shutting down and abandoning module GameplayTagsEditor (136)
[2016.07.03-20.38.15:502][410]LogModuleManager: Shutting down and abandoning module UserFeedback (135)
[2016.07.03-20.38.15:502][410]LogModuleManager: Shutting down and abandoning module XmlParser (134)
[2016.07.03-20.38.15:502][410]LogModuleManager: Shutting down and abandoning module Blutility (133)
[2016.07.03-20.38.15:502][410]LogModuleManager: Shutting down and abandoning module ProjectTargetPlatformEditor (132)
[2016.07.03-20.38.15:502][410]LogModuleManager: Shutting down and abandoning module ProjectSettingsViewer (131)
[2016.07.03-20.38.15:502][410]LogModuleManager: Shutting down and abandoning module InputBindingEditor (130)
[2016.07.03-20.38.15:503][410]LogModuleManager: Shutting down and abandoning module EditorSettingsViewer (129)
[2016.07.03-20.38.15:503][410]LogModuleManager: Shutting down and abandoning module SettingsEditor (128)
[2016.07.03-20.38.15:503][410]LogModuleManager: Shutting down and abandoning module ProjectLauncher (127)
[2016.07.03-20.38.15:503][410]LogModuleManager: Shutting down and abandoning module SessionFrontend (126)
[2016.07.03-20.38.15:503][410]LogModuleManager: Shutting down and abandoning module ProfilerClient (125)
[2016.07.03-20.38.15:503][410]LogModuleManager: Shutting down and abandoning module TargetDeviceServices (124)
[2016.07.03-20.38.15:503][410]LogModuleManager: Shutting down and abandoning module DeviceManager (123)
[2016.07.03-20.38.15:503][410]LogModuleManager: Shutting down and abandoning module AutomationController (122)
[2016.07.03-20.38.15:503][410]LogModuleManager: Shutting down and abandoning module AutomationWindow (121)
[2016.07.03-20.38.15:503][410]LogModuleManager: Shutting down and abandoning module Layers (120)
[2016.07.03-20.38.15:503][410]LogModuleManager: Shutting down and abandoning module ComponentVisualizers (119)
[2016.07.03-20.38.15:503][410]LogModuleManager: Shutting down and abandoning module DetailCustomizations (118)
[2016.07.03-20.38.15:503][410]LogModuleManager: Shutting down and abandoning module PackagesDialog (117)
[2016.07.03-20.38.15:503][410]LogModuleManager: Shutting down and abandoning module Persona (116)
[2016.07.03-20.38.15:503][410]LogModuleManager: Shutting down and abandoning module Kismet (115)
[2016.07.03-20.38.15:503][410]LogModuleManager: Shutting down and abandoning module GraphEditor (114)
[2016.07.03-20.38.15:503][410]LogModuleManager: Shutting down and abandoning module ClassViewer (113)
[2016.07.03-20.38.15:503][410]LogModuleManager: Shutting down and abandoning module Toolbox (112)
[2016.07.03-20.38.15:503][410]LogModuleManager: Shutting down and abandoning module ModuleUI (111)
[2016.07.03-20.38.15:503][410]LogModuleManager: Shutting down and abandoning module MovieSceneTools (110)
[2016.07.03-20.38.15:503][410]LogModuleManager: Shutting down and abandoning module OutputLog (109)
[2016.07.03-20.38.15:503][410]LogModuleManager: Shutting down and abandoning module GammaUI (108)
[2016.07.03-20.38.15:503][410]LogModuleManager: Shutting down and abandoning module Documentation (107)
[2016.07.03-20.38.15:504][410]LogModuleManager: Shutting down and abandoning module GameLiveStreaming (106)
[2016.07.03-20.38.15:504][410]LogModuleManager: Shutting down and abandoning module StreamingPauseRendering (105)
[2016.07.03-20.38.15:504][410]LogModuleManager: Shutting down and abandoning module AnalyticsET (104)
[2016.07.03-20.38.15:504][410]LogModuleManager: Shutting down and abandoning module Analytics (103)
[2016.07.03-20.38.15:504][410]LogModuleManager: Shutting down and abandoning module AITestSuite (102)
[2016.07.03-20.38.15:504][410]LogModuleManager: Shutting down and abandoning module GameplayDebugger (101)
[2016.07.03-20.38.15:504][410]LogModuleManager: Shutting down and abandoning module AIModule (100)
[2016.07.03-20.38.15:504][410]LogModuleManager: Shutting down and abandoning module ProfilerService (99)
[2016.07.03-20.38.15:512][410]LogModuleManager: Shutting down and abandoning module TaskGraph (98)
[2016.07.03-20.38.15:512][410]LogModuleManager: Shutting down and abandoning module SubstanceEditor (97)
[2016.07.03-20.38.15:512][410]LogModuleManager: Shutting down and abandoning module SlateRemote (96)
[2016.07.03-20.38.15:512][410]LogModuleManager: Shutting down and abandoning module ProceduralMeshComponent (95)
[2016.07.03-20.38.15:512][410]LogModuleManager: Shutting down and abandoning module CustomMeshComponent (94)
[2016.07.03-20.38.15:513][410]LogModuleManager: Shutting down and abandoning module CableComponent (93)
[2016.07.03-20.38.15:513][410]LogModuleManager: Shutting down and abandoning module ArchVisCharacter (92)
[2016.07.03-20.38.15:513][410]LogModuleManager: Shutting down and abandoning module MessagingDebugger (91)
[2016.07.03-20.38.15:513][410]LogModuleManager: Shutting down and abandoning module MediaPlayerEditor (90)
[2016.07.03-20.38.15:513][410]LogModuleManager: Shutting down and abandoning module SpeedTreeImporter (89)
[2016.07.03-20.38.15:513][410]LogModuleManager: Shutting down and abandoning module PluginBrowser (88)
[2016.07.03-20.38.15:513][410]LogModuleManager: Shutting down and abandoning module EpicSurvey (87)
[2016.07.03-20.38.15:513][410]LogModuleManager: Shutting down and abandoning module UObjectPlugin (86)
[2016.07.03-20.38.15:513][410]LogModuleManager: Shutting down and abandoning module SubversionSourceControl (85)
[2016.07.03-20.38.15:513][410]LogModuleManager: Shutting down and abandoning module PerforceSourceControl (84)
[2016.07.03-20.38.15:513][410]LogModuleManager: Shutting down and abandoning module KDevelopSourceCodeAccess (83)
[2016.07.03-20.38.15:513][410]LogModuleManager: Shutting down and abandoning module SourceControl (82)
[2016.07.03-20.38.15:513][410]LogModuleManager: Shutting down and abandoning module GitSourceControl (81)
[2016.07.03-20.38.15:513][410]LogModuleManager: Shutting down and abandoning module DesktopPlatform (80)
[2016.07.03-20.38.15:513][410]LogModuleManager: Shutting down and abandoning module CodeLiteSourceCodeAccess (79)
[2016.07.03-20.38.15:513][410]LogModuleManager: Shutting down and abandoning module LightPropagationVolumeEditor (78)
[2016.07.03-20.38.15:513][410]LogModuleManager: Shutting down and abandoning module PaperTiledImporter (77)
[2016.07.03-20.38.15:513][410]LogModuleManager: Shutting down and abandoning module PaperSpriteSheetImporter (76)
[2016.07.03-20.38.15:513][410]LogModuleManager: Shutting down and abandoning module MeshPaint (75)
[2016.07.03-20.38.15:513][410]LogModuleManager: Shutting down and abandoning module SlateReflector (74)
[2016.07.03-20.38.15:513][410]LogModuleManager: Shutting down and abandoning module HotReload (73)
[2016.07.03-20.38.15:513][410]LogModuleManager: Shutting down and abandoning module MainFrame (72)
[2016.07.03-20.38.15:513][410]LogModuleManager: Shutting down and abandoning module LevelEditor (71)
[2016.07.03-20.38.15:514][410]LogModuleManager: Shutting down and abandoning module ContentBrowser (70)
[2016.07.03-20.38.15:515][410]LogModuleManager: Shutting down and abandoning module Paper2DEditor (69)
[2016.07.03-20.38.15:515][410]LogModuleManager: Shutting down and abandoning module DirectoryWatcher (68)
[2016.07.03-20.38.15:524][410]LogModuleManager: Shutting down and abandoning module AssetRegistry (67)
[2016.07.03-20.38.15:563][410]LogModuleManager: Shutting down and abandoning module SubstanceCore (66)
[2016.07.03-20.38.15:563][410]LogModuleManager: Shutting down and abandoning module UdpMessaging (65)
[2016.07.03-20.38.15:664][410]LogModuleManager: Shutting down and abandoning module NullSourceCodeAccess (64)
[2016.07.03-20.38.15:664][410]LogModuleManager: Shutting down and abandoning module LightPropagationVolumeRuntime (63)
[2016.07.03-20.38.15:664][410]LogModuleManager: Shutting down and abandoning module Paper2D (62)
[2016.07.03-20.38.15:664][410]LogModuleManager: Shutting down and abandoning module OnlineBlueprintSupport (61)
[2016.07.03-20.38.15:664][410]LogModuleManager: Shutting down and abandoning module GameplayTasksEditor (60)
[2016.07.03-20.38.15:664][410]LogModuleManager: Shutting down and abandoning module PropertyEditor (59)
[2016.07.03-20.38.15:664][410]LogModuleManager: Shutting down and abandoning module GameplayTags (58)
[2016.07.03-20.38.15:664][410]LogModuleManager: Shutting down and abandoning module BehaviorTreeEditor (57)
[2016.07.03-20.38.15:664][410]LogModuleManager: Shutting down and abandoning module FunctionalTesting (56)
[2016.07.03-20.38.15:664][410]LogModuleManager: Shutting down and abandoning module CollisionAnalyzer (55)
[2016.07.03-20.38.15:664][410]LogModuleManager: Shutting down and abandoning module WorkspaceMenuStructure (54)
[2016.07.03-20.38.15:664][410]LogModuleManager: Shutting down and abandoning module MessageLog (53)
[2016.07.03-20.38.15:664][410]LogModuleManager: Shutting down and abandoning module Sequencer (52)
[2016.07.03-20.38.15:664][410]LogModuleManager: Shutting down and abandoning module AssetTools (51)
[2016.07.03-20.38.15:664][410]LogModuleManager: Shutting down and abandoning module UMGEditor (50)
[2016.07.03-20.38.15:664][410]LogModuleManager: Shutting down and abandoning module UMG (49)
[2016.07.03-20.38.15:664][410]LogModuleManager: Shutting down and abandoning module Slate (48)
[2016.07.03-20.38.15:664][410]LogModuleManager: Shutting down and abandoning module EditorStyle (47)
[2016.07.03-20.38.15:666][410]LogModuleManager: Shutting down and abandoning module SessionServices (46)
[2016.07.03-20.38.15:666][410]LogModuleManager: Shutting down and abandoning module Messaging (45)
[2016.07.03-20.38.15:666][410]LogModuleManager: Shutting down and abandoning module SourceCodeAccess (44)
[2016.07.03-20.38.15:666][410]LogModuleManager: Shutting down and abandoning module HeadMountedDisplay (43)
[2016.07.03-20.38.15:666][410]LogModuleManager: Shutting down and abandoning module ALAudio (42)
[2016.07.03-20.38.15:666][410]LogModuleManager: Shutting down and abandoning module Networking (40)
[2016.07.03-20.38.15:666][410]LogModuleManager: Shutting down and abandoning module Core (39)
[2016.07.03-20.38.15:666][410]LogModuleManager: Shutting down and abandoning module KismetCompiler (38)
[2016.07.03-20.38.15:666][410]LogModuleManager: Shutting down and abandoning module PhysXFormats (37)
[2016.07.03-20.38.15:666][410]LogModuleManager: Shutting down and abandoning module MeshUtilities (36)
[2016.07.03-20.38.15:666][410]LogModuleManager: Shutting down and abandoning module DerivedDataCache (35)
[2016.07.03-20.38.15:741][410]LogDerivedDataCache: Shutdown
[2016.07.03-20.38.15:741][410]LogModuleManager: Shutting down and abandoning module ShaderFormatOpenGL (34)
[2016.07.03-20.38.15:741][410]LogModuleManager: Shutting down and abandoning module TextureFormatPVR (33)
[2016.07.03-20.38.15:741][410]LogModuleManager: Shutting down and abandoning module TextureFormatDXT (32)
[2016.07.03-20.38.15:741][410]LogModuleManager: Shutting down and abandoning module TextureFormatASTC (31)
[2016.07.03-20.38.15:741][410]LogModuleManager: Shutting down and abandoning module TextureFormatUncompressed (30)
[2016.07.03-20.38.15:741][410]LogModuleManager: Shu